    10>D:\projects\misis2023f-23-check\misis2024s-23-02-moskvin-v-a\prj.lab\queuelst\queuelst.hpp(22,2): error C2143: syntax error: missing ';' before '}' [D:\projects\misis2023f-23-check\misis2024s-23-02-moskvin-v-a\build.check\prj.check\prj.check\doctest_queuelst\doctest_queuelst_m.vcxproj]
    13>D:\projects\misis2023f-23-check\misis2024s-23-02-moskvin-v-a\prj.lab\queuelst\queuelst.hpp(22,2): error C2143: syntax error: missing ';' before '}' [D:\projects\misis2023f-23-check\misis2024s-23-02-moskvin-v-a\build.check\prj.check\prj.check\doctest_queuelst\doctest_queuelst.vcxproj]
    13>D:\projects\misis2023f-23-check\misis2024s-23-02-moskvin-v-a\prj.check\prj.check\doctest_queuelst\doctest_queuelst.cpp(16,3): error C2039: 'IsEmpty': is not a member of 'QueueLst' [D:\projects\misis2023f-23-check\misis2024s-23-02-moskvin-v-a\build.check\prj.check\prj.check\doctest_queuelst\doctest_queuelst.vcxproj]
    13>D:\projects\misis2023f-23-check\misis2024s-23-02-moskvin-v-a\prj.check\prj.check\doctest_queuelst\doctest_queuelst.cpp(17,11): error C2065: 'Complex': undeclared identifier [D:\projects\misis2023f-23-check\misis2024s-23-02-moskvin-v-a\build.check\prj.check\prj.check\doctest_queuelst\doctest_queuelst.vcxproj]
    13>D:\projects\misis2023f-23-check\misis2024s-23-02-moskvin-v-a\prj.check\prj.check\doctest_queuelst\doctest_queuelst.cpp(18,3): error C2039: 'IsEmpty': is not a member of 'QueueLst' [D:\projects\misis2023f-23-check\misis2024s-23-02-moskvin-v-a\build.check\prj.check\prj.check\doctest_queuelst\doctest_queuelst.vcxproj]
    13>D:\projects\misis2023f-23-check\misis2024s-23-02-moskvin-v-a\prj.check\prj.check\doctest_queuelst\doctest_queuelst.cpp(23,16): error C2065: 'Complex': undeclared identifier [D:\projects\misis2023f-23-check\misis2024s-23-02-moskvin-v-a\build.check\prj.check\prj.check\doctest_queuelst\doctest_queuelst.vcxproj]
    13>D:\projects\misis2023f-23-check\misis2024s-23-02-moskvin-v-a\prj.check\prj.check\doctest_queuelst\doctest_queuelst.cpp(24,3): error C2039: 'IsEmpty': is not a member of 'QueueLst' [D:\projects\misis2023f-23-check\misis2024s-23-02-moskvin-v-a\build.check\prj.check\prj.check\doctest_queuelst\doctest_queuelst.vcxproj]
    13>D:\projects\misis2023f-23-check\misis2024s-23-02-moskvin-v-a\prj.check\prj.check\doctest_queuelst\doctest_queuelst.cpp(25,11): error C2039: 'Clear': is not a member of 'QueueLst' [D:\projects\misis2023f-23-check\misis2024s-23-02-moskvin-v-a\build.check\prj.check\prj.check\doctest_queuelst\doctest_queuelst.vcxproj]
    13>D:\projects\misis2023f-23-check\misis2024s-23-02-moskvin-v-a\prj.check\prj.check\doctest_queuelst\doctest_queuelst.cpp(26,3): error C2039: 'IsEmpty': is not a member of 'QueueLst' [D:\projects\misis2023f-23-check\misis2024s-23-02-moskvin-v-a\build.check\prj.check\prj.check\doctest_queuelst\doctest_queuelst.vcxproj]
    13>D:\projects\misis2023f-23-check\misis2024s-23-02-moskvin-v-a\prj.check\prj.check\doctest_queuelst\doctest_queuelst.cpp(29,11): error C2660: 'QueueLst::Push': function does not take 1 arguments [D:\projects\misis2023f-23-check\misis2024s-23-02-moskvin-v-a\build.check\prj.check\prj.check\doctest_queuelst\doctest_queuelst.vcxproj]
    13>D:\projects\misis2023f-23-check\misis2024s-23-02-moskvin-v-a\prj.check\prj.check\doctest_queuelst\doctest_queuelst.cpp(31,3): error C2039: 'IsEmpty': is not a member of 'QueueLst' [D:\projects\misis2023f-23-check\misis2024s-23-02-moskvin-v-a\build.check\prj.check\prj.check\doctest_queuelst\doctest_queuelst.vcxproj]
    13>D:\projects\misis2023f-23-check\misis2024s-23-02-moskvin-v-a\prj.check\prj.check\doctest_queuelst\doctest_queuelst.cpp(38,3): error C2039: 'IsEmpty': is not a member of 'QueueLst' [D:\projects\misis2023f-23-check\misis2024s-23-02-moskvin-v-a\build.check\prj.check\prj.check\doctest_queuelst\doctest_queuelst.vcxproj]
    13>D:\projects\misis2023f-23-check\misis2024s-23-02-moskvin-v-a\prj.check\prj.check\doctest_queuelst\doctest_queuelst.cpp(41,12): error C2660: 'QueueLst::Push': function does not take 1 arguments [D:\projects\misis2023f-23-check\misis2024s-23-02-moskvin-v-a\build.check\prj.check\prj.check\doctest_queuelst\doctest_queuelst.vcxproj]
    13>D:\projects\misis2023f-23-check\misis2024s-23-02-moskvin-v-a\prj.check\prj.check\doctest_queuelst\doctest_queuelst.cpp(42,12): error C2660: 'QueueLst::Push': function does not take 1 arguments [D:\projects\misis2023f-23-check\misis2024s-23-02-moskvin-v-a\build.check\prj.check\prj.check\doctest_queuelst\doctest_queuelst.vcxproj]
    13>D:\projects\misis2023f-23-check\misis2024s-23-02-moskvin-v-a\prj.check\prj.check\doctest_queuelst\doctest_queuelst.cpp(44,12): error C2660: 'QueueLst::Push': function does not take 1 arguments [D:\projects\misis2023f-23-check\misis2024s-23-02-moskvin-v-a\build.check\prj.check\prj.check\doctest_queuelst\doctest_queuelst.vcxproj]
    13>D:\projects\misis2023f-23-check\misis2024s-23-02-moskvin-v-a\prj.check\prj.check\doctest_queuelst\doctest_queuelst.cpp(46,5): error C2039: 'IsEmpty': is not a member of 'QueueLst' [D:\projects\misis2023f-23-check\misis2024s-23-02-moskvin-v-a\build.check\prj.check\prj.check\doctest_queuelst\doctest_queuelst.vcxproj]
    13>D:\projects\misis2023f-23-check\misis2024s-23-02-moskvin-v-a\prj.check\prj.check\doctest_queuelst\doctest_queuelst.cpp(47,5): error C2102: '&' requires l-value [D:\projects\misis2023f-23-check\misis2024s-23-02-moskvin-v-a\build.check\prj.check\prj.check\doctest_queuelst\doctest_queuelst.vcxproj]
    13>D:\projects\misis2023f-23-check\misis2024s-23-02-moskvin-v-a\prj.check\prj.check\doctest_queuelst\doctest_queuelst.cpp(50,5): error C2102: '&' requires l-value [D:\projects\misis2023f-23-check\misis2024s-23-02-moskvin-v-a\build.check\prj.check\prj.check\doctest_queuelst\doctest_queuelst.vcxproj]
    13>D:\projects\misis2023f-23-check\misis2024s-23-02-moskvin-v-a\prj.check\prj.check\doctest_queuelst\doctest_queuelst.cpp(52,21): error C2039: 'IsEmpty': is not a member of 'QueueLst' [D:\projects\misis2023f-23-check\misis2024s-23-02-moskvin-v-a\build.check\prj.check\prj.check\doctest_queuelst\doctest_queuelst.vcxproj]
    13>D:\projects\misis2023f-23-check\misis2024s-23-02-moskvin-v-a\prj.check\prj.check\doctest_queuelst\doctest_queuelst.cpp(54,20): error C2039: 'IsEmpty': is not a member of 'QueueLst' [D:\projects\misis2023f-23-check\misis2024s-23-02-moskvin-v-a\build.check\prj.check\prj.check\doctest_queuelst\doctest_queuelst.vcxproj]
    13>D:\projects\misis2023f-23-check\misis2024s-23-02-moskvin-v-a\prj.check\prj.check\doctest_queuelst\doctest_queuelst.cpp(58,20): error C2039: 'IsEmpty': is not a member of 'QueueLst' [D:\projects\misis2023f-23-check\misis2024s-23-02-moskvin-v-a\build.check\prj.check\prj.check\doctest_queuelst\doctest_queuelst.vcxproj]
    13>D:\projects\misis2023f-23-check\misis2024s-23-02-moskvin-v-a\prj.check\prj.check\doctest_queuelst\doctest_queuelst.cpp(65,18): error C2065: 'Complex': undeclared identifier [D:\projects\misis2023f-23-check\misis2024s-23-02-moskvin-v-a\build.check\prj.check\prj.check\doctest_queuelst\doctest_queuelst.vcxproj]
    13>D:\projects\misis2023f-23-check\misis2024s-23-02-moskvin-v-a\prj.check\prj.check\doctest_queuelst\doctest_queuelst.cpp(67,3): error C2039: 'IsEmpty': is not a member of 'QueueLst' [D:\projects\misis2023f-23-check\misis2024s-23-02-moskvin-v-a\build.check\prj.check\prj.check\doctest_queuelst\doctest_queuelst.vcxproj]
    13>D:\projects\misis2023f-23-check\misis2024s-23-02-moskvin-v-a\prj.check\prj.check\doctest_queuelst\doctest_queuelst.cpp(69,3): error C2039: 'IsEmpty': is not a member of 'QueueLst' [D:\projects\misis2023f-23-check\misis2024s-23-02-moskvin-v-a\build.check\prj.check\prj.check\doctest_queuelst\doctest_queuelst.vcxproj]
    13>D:\projects\misis2023f-23-check\misis2024s-23-02-moskvin-v-a\prj.check\prj.check\doctest_queuelst\doctest_queuelst.cpp(70,3): error C2102: '&' requires l-value [D:\projects\misis2023f-23-check\misis2024s-23-02-moskvin-v-a\build.check\prj.check\prj.check\doctest_queuelst\doctest_queuelst.vcxproj]
    13>D:\projects\misis2023f-23-check\misis2024s-23-02-moskvin-v-a\prj.check\prj.check\doctest_queuelst\doctest_queuelst.cpp(73,3): error C2102: '&' requires l-value [D:\projects\misis2023f-23-check\misis2024s-23-02-moskvin-v-a\build.check\prj.check\prj.check\doctest_queuelst\doctest_queuelst.vcxproj]
    13>D:\projects\misis2023f-23-check\misis2024s-23-02-moskvin-v-a\prj.check\prj.check\doctest_queuelst\doctest_queuelst.cpp(75,19): error C2039: 'IsEmpty': is not a member of 'QueueLst' [D:\projects\misis2023f-23-check\misis2024s-23-02-moskvin-v-a\build.check\prj.check\prj.check\doctest_queuelst\doctest_queuelst.vcxproj]
    13>D:\projects\misis2023f-23-check\misis2024s-23-02-moskvin-v-a\prj.check\prj.check\doctest_queuelst\doctest_queuelst.cpp(77,18): error C2039: 'IsEmpty': is not a member of 'QueueLst' [D:\projects\misis2023f-23-check\misis2024s-23-02-moskvin-v-a\build.check\prj.check\prj.check\doctest_queuelst\doctest_queuelst.vcxproj]
    13>D:\projects\misis2023f-23-check\misis2024s-23-02-moskvin-v-a\prj.check\prj.check\doctest_queuelst\doctest_queuelst.cpp(81,18): error C2039: 'IsEmpty': is not a member of 'QueueLst' [D:\projects\misis2023f-23-check\misis2024s-23-02-moskvin-v-a\build.check\prj.check\prj.check\doctest_queuelst\doctest_queuelst.vcxproj]
    13>D:\projects\misis2023f-23-check\misis2024s-23-02-moskvin-v-a\prj.check\prj.check\doctest_queuelst\doctest_queuelst.cpp(91,3): error C2039: 'IsEmpty': is not a member of 'QueueLst' [D:\projects\misis2023f-23-check\misis2024s-23-02-moskvin-v-a\build.check\prj.check\prj.check\doctest_queuelst\doctest_queuelst.vcxproj]
    13>D:\projects\misis2023f-23-check\misis2024s-23-02-moskvin-v-a\prj.check\prj.check\doctest_queuelst\doctest_queuelst.cpp(93,18): error C2065: 'Complex': undeclared identifier [D:\projects\misis2023f-23-check\misis2024s-23-02-moskvin-v-a\build.check\prj.check\prj.check\doctest_queuelst\doctest_queuelst.vcxproj]
    13>D:\projects\misis2023f-23-check\misis2024s-23-02-moskvin-v-a\prj.check\prj.check\doctest_queuelst\doctest_queuelst.cpp(95,3): error C2039: 'IsEmpty': is not a member of 'QueueLst' [D:\projects\misis2023f-23-check\misis2024s-23-02-moskvin-v-a\build.check\prj.check\prj.check\doctest_queuelst\doctest_queuelst.vcxproj]
    13>D:\projects\misis2023f-23-check\misis2024s-23-02-moskvin-v-a\prj.check\prj.check\doctest_queuelst\doctest_queuelst.cpp(97,3): error C2039: 'IsEmpty': is not a member of 'QueueLst' [D:\projects\misis2023f-23-check\misis2024s-23-02-moskvin-v-a\build.check\prj.check\prj.check\doctest_queuelst\doctest_queuelst.vcxproj]
    13>D:\projects\misis2023f-23-check\misis2024s-23-02-moskvin-v-a\prj.check\prj.check\doctest_queuelst\doctest_queuelst.cpp(99,18): error C2065: 'Complex': undeclared identifier [D:\projects\misis2023f-23-check\misis2024s-23-02-moskvin-v-a\build.check\prj.check\prj.check\doctest_queuelst\doctest_queuelst.vcxproj]
    13>D:\projects\misis2023f-23-check\misis2024s-23-02-moskvin-v-a\prj.check\prj.check\doctest_queuelst\doctest_queuelst.cpp(101,11): error C2660: 'QueueLst::Push': function does not take 1 arguments [D:\projects\misis2023f-23-check\misis2024s-23-02-moskvin-v-a\build.check\prj.check\prj.check\doctest_queuelst\doctest_queuelst.vcxproj]
    13>D:\projects\misis2023f-23-check\misis2024s-23-02-moskvin-v-a\prj.check\prj.check\doctest_queuelst\doctest_queuelst.cpp(102,11): error C2660: 'QueueLst::Push': function does not take 1 arguments [D:\projects\misis2023f-23-check\misis2024s-23-02-moskvin-v-a\build.check\prj.check\prj.check\doctest_queuelst\doctest_queuelst.vcxproj]
    13>D:\projects\misis2023f-23-check\misis2024s-23-02-moskvin-v-a\prj.check\prj.check\doctest_queuelst\doctest_queuelst.cpp(104,3): error C2039: 'IsEmpty': is not a member of 'QueueLst' [D:\projects\misis2023f-23-check\misis2024s-23-02-moskvin-v-a\build.check\prj.check\prj.check\doctest_queuelst\doctest_queuelst.vcxproj]
    13>D:\projects\misis2023f-23-check\misis2024s-23-02-moskvin-v-a\prj.check\prj.check\doctest_queuelst\doctest_queuelst.cpp(107,3): error C2039: 'IsEmpty': is not a member of 'QueueLst' [D:\projects\misis2023f-23-check\misis2024s-23-02-moskvin-v-a\build.check\prj.check\prj.check\doctest_queuelst\doctest_queuelst.vcxproj]
    13>D:\projects\misis2023f-23-check\misis2024s-23-02-moskvin-v-a\prj.check\prj.check\doctest_queuelst\doctest_queuelst.cpp(111,18): error C2065: 'Complex': undeclared identifier [D:\projects\misis2023f-23-check\misis2024s-23-02-moskvin-v-a\build.check\prj.check\prj.check\doctest_queuelst\doctest_queuelst.vcxproj]
    13>D:\projects\misis2023f-23-check\misis2024s-23-02-moskvin-v-a\prj.check\prj.check\doctest_queuelst\doctest_queuelst.cpp(115,3): error C2102: '&' requires l-value [D:\projects\misis2023f-23-check\misis2024s-23-02-moskvin-v-a\build.check\prj.check\prj.check\doctest_queuelst\doctest_queuelst.vcxproj]
    13>D:\projects\misis2023f-23-check\misis2024s-23-02-moskvin-v-a\prj.check\prj.check\doctest_queuelst\doctest_queuelst.cpp(116,19): error C2039: 'IsEmpty': is not a member of 'QueueLst' [D:\projects\misis2023f-23-check\misis2024s-23-02-moskvin-v-a\build.check\prj.check\prj.check\doctest_queuelst\doctest_queuelst.vcxproj]
    13>D:\projects\misis2023f-23-check\misis2024s-23-02-moskvin-v-a\prj.check\prj.check\doctest_queuelst\doctest_queuelst.cpp(119,18): error C2039: 'IsEmpty': is not a member of 'QueueLst' [D:\projects\misis2023f-23-check\misis2024s-23-02-moskvin-v-a\build.check\prj.check\prj.check\doctest_queuelst\doctest_queuelst.vcxproj]
    13>D:\projects\misis2023f-23-check\misis2024s-23-02-moskvin-v-a\prj.check\prj.check\doctest_queuelst\doctest_queuelst.cpp(123,18): error C2039: 'IsEmpty': is not a member of 'QueueLst' [D:\projects\misis2023f-23-check\misis2024s-23-02-moskvin-v-a\build.check\prj.check\prj.check\doctest_queuelst\doctest_queuelst.vcxproj]
    13>D:\projects\misis2023f-23-check\misis2024s-23-02-moskvin-v-a\prj.check\prj.check\doctest_queuelst\doctest_queuelst.cpp(133,3): error C2662: 'int QueueLst::Top(void)': cannot convert 'this' pointer from 'const QueueLst' to 'QueueLst &' [D:\projects\misis2023f-23-check\misis2024s-23-02-moskvin-v-a\build.check\prj.check\prj.check\doctest_queuelst\doctest_queuelst.vcxproj]
    13>D:\projects\misis2023f-23-check\misis2024s-23-02-moskvin-v-a\prj.check\prj.check\doctest_queuelst\doctest_queuelst.cpp(134,10): error C2660: 'QueueLst::Push': function does not take 1 arguments [D:\projects\misis2023f-23-check\misis2024s-23-02-moskvin-v-a\build.check\prj.check\prj.check\doctest_queuelst\doctest_queuelst.vcxproj]
    13>D:\projects\misis2023f-23-check\misis2024s-23-02-moskvin-v-a\prj.check\prj.check\doctest_queuelst\doctest_queuelst.cpp(136,3): error C2662: 'int QueueLst::Top(void)': cannot convert 'this' pointer from 'const QueueLst' to 'QueueLst &' [D:\projects\misis2023f-23-check\misis2024s-23-02-moskvin-v-a\build.check\prj.check\prj.check\doctest_queuelst\doctest_queuelst.vcxproj]
    13>D:\projects\misis2023f-23-check\misis2024s-23-02-moskvin-v-a\prj.check\prj.check\doctest_queuelst\doctest_queuelst.cpp(140,3): error C2039: 'IsEmpty': is not a member of 'QueueLst' [D:\projects\misis2023f-23-check\misis2024s-23-02-moskvin-v-a\build.check\prj.check\prj.check\doctest_queuelst\doctest_queuelst.vcxproj]
    13>D:\projects\misis2023f-23-check\misis2024s-23-02-moskvin-v-a\prj.check\prj.check\doctest_queuelst\doctest_queuelst.cpp(141,10): error C2660: 'QueueLst::Push': function does not take 1 arguments [D:\projects\misis2023f-23-check\misis2024s-23-02-moskvin-v-a\build.check\prj.check\prj.check\doctest_queuelst\doctest_queuelst.vcxproj]
    13>D:\projects\misis2023f-23-check\misis2024s-23-02-moskvin-v-a\prj.check\prj.check\doctest_queuelst\doctest_queuelst.cpp(142,3): error C2039: 'IsEmpty': is not a member of 'QueueLst' [D:\projects\misis2023f-23-check\misis2024s-23-02-moskvin-v-a\build.check\prj.check\prj.check\doctest_queuelst\doctest_queuelst.vcxproj]
    13>D:\projects\misis2023f-23-check\misis2024s-23-02-moskvin-v-a\prj.check\prj.check\doctest_queuelst\doctest_queuelst.cpp(143,3): error C2039: 'IsEmpty': is not a member of 'QueueLst' [D:\projects\misis2023f-23-check\misis2024s-23-02-moskvin-v-a\build.check\prj.check\prj.check\doctest_queuelst\doctest_queuelst.vcxproj]
    10>D:\projects\misis2023f-23-check\misis2024s-23-02-moskvin-v-a\prj.check\prj.check\doctest_queuelst\doctest_queuelst_moveable.cpp(16,6): error C2660: 'QueueLst::Push': function does not take 1 arguments [D:\projects\misis2023f-23-check\misis2024s-23-02-moskvin-v-a\build.check\prj.check\prj.check\doctest_queuelst\doctest_queuelst_m.vcxproj]
    10>D:\projects\misis2023f-23-check\misis2024s-23-02-moskvin-v-a\prj.check\prj.check\doctest_queuelst\doctest_queuelst_moveable.cpp(18,3): error C2039: 'IsEmpty': is not a member of 'QueueLst' [D:\projects\misis2023f-23-check\misis2024s-23-02-moskvin-v-a\build.check\prj.check\prj.check\doctest_queuelst\doctest_queuelst_m.vcxproj]
    10>D:\projects\misis2023f-23-check\misis2024s-23-02-moskvin-v-a\prj.check\prj.check\doctest_queuelst\doctest_queuelst_moveable.cpp(19,11): error C2039: 'IsEmpty': is not a member of 'QueueLst' [D:\projects\misis2023f-23-check\misis2024s-23-02-moskvin-v-a\build.check\prj.check\prj.check\doctest_queuelst\doctest_queuelst_m.vcxproj]
    10>D:\projects\misis2023f-23-check\misis2024s-23-02-moskvin-v-a\prj.check\prj.check\doctest_queuelst\doctest_queuelst_moveable.cpp(19,29): error C2039: 'IsEmpty': is not a member of 'QueueLst' [D:\projects\misis2023f-23-check\misis2024s-23-02-moskvin-v-a\build.check\prj.check\prj.check\doctest_queuelst\doctest_queuelst_m.vcxproj]
    10>D:\projects\misis2023f-23-check\misis2024s-23-02-moskvin-v-a\prj.check\prj.check\doctest_queuelst\doctest_queuelst_moveable.cpp(20,5): error C2102: '&' requires l-value [D:\projects\misis2023f-23-check\misis2024s-23-02-moskvin-v-a\build.check\prj.check\prj.check\doctest_queuelst\doctest_queuelst_m.vcxproj]
    14>D:\projects\misis2023f-23-check\misis2024s-23-02-moskvin-v-a\prj.check\prj.check\doctest_dynarr\doctest_dynarr.cpp(103,3): error C2678: binary '[': no operator found which takes a left-hand operand of type 'const DynArr' (or there is no acceptable conversion) [D:\projects\misis2023f-23-check\misis2024s-23-02-moskvin-v-a\build.check\prj.check\prj.check\doctest_dynarr\doctest_dynarr.vcxproj]
    14>D:\projects\misis2023f-23-check\misis2024s-23-02-moskvin-v-a\prj.check\prj.check\doctest_dynarr\doctest_dynarr.cpp(104,3): error C2678: binary '[': no operator found which takes a left-hand operand of type 'const DynArr' (or there is no acceptable conversion) [D:\projects\misis2023f-23-check\misis2024s-23-02-moskvin-v-a\build.check\prj.check\prj.check\doctest_dynarr\doctest_dynarr.vcxproj]
    14>D:\projects\misis2023f-23-check\misis2024s-23-02-moskvin-v-a\prj.check\prj.check\doctest_dynarr\doctest_dynarr.cpp(105,3): error C2678: binary '[': no operator found which takes a left-hand operand of type 'const DynArr' (or there is no acceptable conversion) [D:\projects\misis2023f-23-check\misis2024s-23-02-moskvin-v-a\build.check\prj.check\prj.check\doctest_dynarr\doctest_dynarr.vcxproj]
    14>D:\projects\misis2023f-23-check\misis2024s-23-02-moskvin-v-a\prj.check\prj.check\doctest_dynarr\doctest_dynarr.cpp(106,3): error C2678: binary '[': no operator found which takes a left-hand operand of type 'const DynArr' (or there is no acceptable conversion) [D:\projects\misis2023f-23-check\misis2024s-23-02-moskvin-v-a\build.check\prj.check\prj.check\doctest_dynarr\doctest_dynarr.vcxproj]
     5>D:\projects\misis2023f-23-check\misis2024s-23-02-moskvin-v-a\prj.check\prj.check\doctest_queuelstpr\doctest_queuelstpr.cpp(25,3): error C2039: 'IsEmpty': is not a member of 'QueueLstPr' [D:\projects\misis2023f-23-check\misis2024s-23-02-moskvin-v-a\build.check\prj.check\prj.check\doctest_queuelstpr\doctest_queuelstpr.vcxproj]
     5>D:\projects\misis2023f-23-check\misis2024s-23-02-moskvin-v-a\prj.check\prj.check\doctest_queuelstpr\doctest_queuelstpr.cpp(27,3): error C2039: 'IsEmpty': is not a member of 'QueueLstPr' [D:\projects\misis2023f-23-check\misis2024s-23-02-moskvin-v-a\build.check\prj.check\prj.check\doctest_queuelstpr\doctest_queuelstpr.vcxproj]
     5>D:\projects\misis2023f-23-check\misis2024s-23-02-moskvin-v-a\prj.check\prj.check\doctest_queuelstpr\doctest_queuelstpr.cpp(33,3): error C2039: 'IsEmpty': is not a member of 'QueueLstPr' [D:\projects\misis2023f-23-check\misis2024s-23-02-moskvin-v-a\build.check\prj.check\prj.check\doctest_queuelstpr\doctest_queuelstpr.vcxproj]
     5>D:\projects\misis2023f-23-check\misis2024s-23-02-moskvin-v-a\prj.check\prj.check\doctest_queuelstpr\doctest_queuelstpr.cpp(35,3): error C2039: 'IsEmpty': is not a member of 'QueueLstPr' [D:\projects\misis2023f-23-check\misis2024s-23-02-moskvin-v-a\build.check\prj.check\prj.check\doctest_queuelstpr\doctest_queuelstpr.vcxproj]
     5>D:\projects\misis2023f-23-check\misis2024s-23-02-moskvin-v-a\prj.check\prj.check\doctest_queuelstpr\doctest_queuelstpr.cpp(40,3): error C2039: 'IsEmpty': is not a member of 'QueueLstPr' [D:\projects\misis2023f-23-check\misis2024s-23-02-moskvin-v-a\build.check\prj.check\prj.check\doctest_queuelstpr\doctest_queuelstpr.vcxproj]
     5>D:\projects\misis2023f-23-check\misis2024s-23-02-moskvin-v-a\prj.check\prj.check\doctest_queuelstpr\doctest_queuelstpr.cpp(47,3): error C2039: 'IsEmpty': is not a member of 'QueueLstPr' [D:\projects\misis2023f-23-check\misis2024s-23-02-moskvin-v-a\build.check\prj.check\prj.check\doctest_queuelstpr\doctest_queuelstpr.vcxproj]
     5>D:\projects\misis2023f-23-check\misis2024s-23-02-moskvin-v-a\prj.check\prj.check\doctest_queuelstpr\doctest_queuelstpr.cpp(55,5): error C2039: 'IsEmpty': is not a member of 'QueueLstPr' [D:\projects\misis2023f-23-check\misis2024s-23-02-moskvin-v-a\build.check\prj.check\prj.check\doctest_queuelstpr\doctest_queuelstpr.vcxproj]
     5>D:\projects\misis2023f-23-check\misis2024s-23-02-moskvin-v-a\prj.check\prj.check\doctest_queuelstpr\doctest_queuelstpr.cpp(56,5): error C2102: '&' requires l-value [D:\projects\misis2023f-23-check\misis2024s-23-02-moskvin-v-a\build.check\prj.check\prj.check\doctest_queuelstpr\doctest_queuelstpr.vcxproj]
     5>D:\projects\misis2023f-23-check\misis2024s-23-02-moskvin-v-a\prj.check\prj.check\doctest_queuelstpr\doctest_queuelstpr.cpp(59,5): error C2102: '&' requires l-value [D:\projects\misis2023f-23-check\misis2024s-23-02-moskvin-v-a\build.check\prj.check\prj.check\doctest_queuelstpr\doctest_queuelstpr.vcxproj]
     5>D:\projects\misis2023f-23-check\misis2024s-23-02-moskvin-v-a\prj.check\prj.check\doctest_queuelstpr\doctest_queuelstpr.cpp(61,21): error C2039: 'IsEmpty': is not a member of 'QueueLstPr' [D:\projects\misis2023f-23-check\misis2024s-23-02-moskvin-v-a\build.check\prj.check\prj.check\doctest_queuelstpr\doctest_queuelstpr.vcxproj]
     5>D:\projects\misis2023f-23-check\misis2024s-23-02-moskvin-v-a\prj.check\prj.check\doctest_queuelstpr\doctest_queuelstpr.cpp(63,20): error C2039: 'IsEmpty': is not a member of 'QueueLstPr' [D:\projects\misis2023f-23-check\misis2024s-23-02-moskvin-v-a\build.check\prj.check\prj.check\doctest_queuelstpr\doctest_queuelstpr.vcxproj]
     5>D:\projects\misis2023f-23-check\misis2024s-23-02-moskvin-v-a\prj.check\prj.check\doctest_queuelstpr\doctest_queuelstpr.cpp(67,20): error C2039: 'IsEmpty': is not a member of 'QueueLstPr' [D:\projects\misis2023f-23-check\misis2024s-23-02-moskvin-v-a\build.check\prj.check\prj.check\doctest_queuelstpr\doctest_queuelstpr.vcxproj]
     5>D:\projects\misis2023f-23-check\misis2024s-23-02-moskvin-v-a\prj.check\prj.check\doctest_queuelstpr\doctest_queuelstpr.cpp(76,3): error C2039: 'IsEmpty': is not a member of 'QueueLstPr' [D:\projects\misis2023f-23-check\misis2024s-23-02-moskvin-v-a\build.check\prj.check\prj.check\doctest_queuelstpr\doctest_queuelstpr.vcxproj]
     5>D:\projects\misis2023f-23-check\misis2024s-23-02-moskvin-v-a\prj.check\prj.check\doctest_queuelstpr\doctest_queuelstpr.cpp(78,3): error C2039: 'IsEmpty': is not a member of 'QueueLstPr' [D:\projects\misis2023f-23-check\misis2024s-23-02-moskvin-v-a\build.check\prj.check\prj.check\doctest_queuelstpr\doctest_queuelstpr.vcxproj]
     5>D:\projects\misis2023f-23-check\misis2024s-23-02-moskvin-v-a\prj.check\prj.check\doctest_queuelstpr\doctest_queuelstpr.cpp(79,3): error C2102: '&' requires l-value [D:\projects\misis2023f-23-check\misis2024s-23-02-moskvin-v-a\build.check\prj.check\prj.check\doctest_queuelstpr\doctest_queuelstpr.vcxproj]
     5>D:\projects\misis2023f-23-check\misis2024s-23-02-moskvin-v-a\prj.check\prj.check\doctest_queuelstpr\doctest_queuelstpr.cpp(82,3): error C2102: '&' requires l-value [D:\projects\misis2023f-23-check\misis2024s-23-02-moskvin-v-a\build.check\prj.check\prj.check\doctest_queuelstpr\doctest_queuelstpr.vcxproj]
     5>D:\projects\misis2023f-23-check\misis2024s-23-02-moskvin-v-a\prj.check\prj.check\doctest_queuelstpr\doctest_queuelstpr.cpp(84,19): error C2039: 'IsEmpty': is not a member of 'QueueLstPr' [D:\projects\misis2023f-23-check\misis2024s-23-02-moskvin-v-a\build.check\prj.check\prj.check\doctest_queuelstpr\doctest_queuelstpr.vcxproj]
     5>D:\projects\misis2023f-23-check\misis2024s-23-02-moskvin-v-a\prj.check\prj.check\doctest_queuelstpr\doctest_queuelstpr.cpp(86,18): error C2039: 'IsEmpty': is not a member of 'QueueLstPr' [D:\projects\misis2023f-23-check\misis2024s-23-02-moskvin-v-a\build.check\prj.check\prj.check\doctest_queuelstpr\doctest_queuelstpr.vcxproj]
     5>D:\projects\misis2023f-23-check\misis2024s-23-02-moskvin-v-a\prj.check\prj.check\doctest_queuelstpr\doctest_queuelstpr.cpp(90,18): error C2039: 'IsEmpty': is not a member of 'QueueLstPr' [D:\projects\misis2023f-23-check\misis2024s-23-02-moskvin-v-a\build.check\prj.check\prj.check\doctest_queuelstpr\doctest_queuelstpr.vcxproj]
     5>D:\projects\misis2023f-23-check\misis2024s-23-02-moskvin-v-a\prj.check\prj.check\doctest_queuelstpr\doctest_queuelstpr.cpp(100,3): error C2039: 'IsEmpty': is not a member of 'QueueLstPr' [D:\projects\misis2023f-23-check\misis2024s-23-02-moskvin-v-a\build.check\prj.check\prj.check\doctest_queuelstpr\doctest_queuelstpr.vcxproj]
     5>D:\projects\misis2023f-23-check\misis2024s-23-02-moskvin-v-a\prj.check\prj.check\doctest_queuelstpr\doctest_queuelstpr.cpp(104,3): error C2039: 'IsEmpty': is not a member of 'QueueLstPr' [D:\projects\misis2023f-23-check\misis2024s-23-02-moskvin-v-a\build.check\prj.check\prj.check\doctest_queuelstpr\doctest_queuelstpr.vcxproj]
     5>D:\projects\misis2023f-23-check\misis2024s-23-02-moskvin-v-a\prj.check\prj.check\doctest_queuelstpr\doctest_queuelstpr.cpp(106,3): error C2039: 'IsEmpty': is not a member of 'QueueLstPr' [D:\projects\misis2023f-23-check\misis2024s-23-02-moskvin-v-a\build.check\prj.check\prj.check\doctest_queuelstpr\doctest_queuelstpr.vcxproj]
     5>D:\projects\misis2023f-23-check\misis2024s-23-02-moskvin-v-a\prj.check\prj.check\doctest_queuelstpr\doctest_queuelstpr.cpp(113,3): error C2039: 'IsEmpty': is not a member of 'QueueLstPr' [D:\projects\misis2023f-23-check\misis2024s-23-02-moskvin-v-a\build.check\prj.check\prj.check\doctest_queuelstpr\doctest_queuelstpr.vcxproj]
     5>D:\projects\misis2023f-23-check\misis2024s-23-02-moskvin-v-a\prj.check\prj.check\doctest_queuelstpr\doctest_queuelstpr.cpp(116,3): error C2039: 'IsEmpty': is not a member of 'QueueLstPr' [D:\projects\misis2023f-23-check\misis2024s-23-02-moskvin-v-a\build.check\prj.check\prj.check\doctest_queuelstpr\doctest_queuelstpr.vcxproj]
     5>D:\projects\misis2023f-23-check\misis2024s-23-02-moskvin-v-a\prj.check\prj.check\doctest_queuelstpr\doctest_queuelstpr.cpp(124,3): error C2102: '&' requires l-value [D:\projects\misis2023f-23-check\misis2024s-23-02-moskvin-v-a\build.check\prj.check\prj.check\doctest_queuelstpr\doctest_queuelstpr.vcxproj]
     5>D:\projects\misis2023f-23-check\misis2024s-23-02-moskvin-v-a\prj.check\prj.check\doctest_queuelstpr\doctest_queuelstpr.cpp(125,19): error C2039: 'IsEmpty': is not a member of 'QueueLstPr' [D:\projects\misis2023f-23-check\misis2024s-23-02-moskvin-v-a\build.check\prj.check\prj.check\doctest_queuelstpr\doctest_queuelstpr.vcxproj]
     5>D:\projects\misis2023f-23-check\misis2024s-23-02-moskvin-v-a\prj.check\prj.check\doctest_queuelstpr\doctest_queuelstpr.cpp(128,18): error C2039: 'IsEmpty': is not a member of 'QueueLstPr' [D:\projects\misis2023f-23-check\misis2024s-23-02-moskvin-v-a\build.check\prj.check\prj.check\doctest_queuelstpr\doctest_queuelstpr.vcxproj]
     5>D:\projects\misis2023f-23-check\misis2024s-23-02-moskvin-v-a\prj.check\prj.check\doctest_queuelstpr\doctest_queuelstpr.cpp(132,18): error C2039: 'IsEmpty': is not a member of 'QueueLstPr' [D:\projects\misis2023f-23-check\misis2024s-23-02-moskvin-v-a\build.check\prj.check\prj.check\doctest_queuelstpr\doctest_queuelstpr.vcxproj]
     5>D:\projects\misis2023f-23-check\misis2024s-23-02-moskvin-v-a\prj.check\prj.check\doctest_queuelstpr\doctest_queuelstpr.cpp(142,3): error C2662: 'float QueueLstPr::Top(void)': cannot convert 'this' pointer from 'const QueueLstPr' to 'QueueLstPr &' [D:\projects\misis2023f-23-check\misis2024s-23-02-moskvin-v-a\build.check\prj.check\prj.check\doctest_queuelstpr\doctest_queuelstpr.vcxproj]
     5>D:\projects\misis2023f-23-check\misis2024s-23-02-moskvin-v-a\prj.check\prj.check\doctest_queuelstpr\doctest_queuelstpr.cpp(145,3): error C2662: 'float QueueLstPr::Top(void)': cannot convert 'this' pointer from 'const QueueLstPr' to 'QueueLstPr &' [D:\projects\misis2023f-23-check\misis2024s-23-02-moskvin-v-a\build.check\prj.check\prj.check\doctest_queuelstpr\doctest_queuelstpr.vcxproj]
     5>D:\projects\misis2023f-23-check\misis2024s-23-02-moskvin-v-a\prj.check\prj.check\doctest_queuelstpr\doctest_queuelstpr.cpp(149,3): error C2039: 'IsEmpty': is not a member of 'QueueLstPr' [D:\projects\misis2023f-23-check\misis2024s-23-02-moskvin-v-a\build.check\prj.check\prj.check\doctest_queuelstpr\doctest_queuelstpr.vcxproj]
     5>D:\projects\misis2023f-23-check\misis2024s-23-02-moskvin-v-a\prj.check\prj.check\doctest_queuelstpr\doctest_queuelstpr.cpp(151,3): error C2039: 'IsEmpty': is not a member of 'QueueLstPr' [D:\projects\misis2023f-23-check\misis2024s-23-02-moskvin-v-a\build.check\prj.check\prj.check\doctest_queuelstpr\doctest_queuelstpr.vcxproj]
     5>D:\projects\misis2023f-23-check\misis2024s-23-02-moskvin-v-a\prj.check\prj.check\doctest_queuelstpr\doctest_queuelstpr.cpp(152,3): error C2039: 'IsEmpty': is not a member of 'QueueLstPr' [D:\projects\misis2023f-23-check\misis2024s-23-02-moskvin-v-a\build.check\prj.check\prj.check\doctest_queuelstpr\doctest_queuelstpr.vcxproj]
     7>D:\projects\misis2023f-23-check\misis2024s-23-02-moskvin-v-a\prj.check\prj.check\doctest_queuelstpr\doctest_queuelstpr_moveable.cpp(16,3): error C2039: 'IsEmpty': is not a member of 'QueueLstPr' [D:\projects\misis2023f-23-check\misis2024s-23-02-moskvin-v-a\build.check\prj.check\prj.check\doctest_queuelstpr\doctest_queuelstpr_m.vcxproj]
     6>D:\projects\misis2023f-23-check\misis2024s-23-02-moskvin-v-a\prj.check\prj.check\doctest_queuearr\doctest_queuearr_moveable.cpp(17,6): error C2664: 'void QueueArr::Push(const int &)': cannot convert argument 1 from 'Complex' to 'const int &' [D:\projects\misis2023f-23-check\misis2024s-23-02-moskvin-v-a\build.check\prj.check\prj.check\doctest_queuearr\doctest_queuearr_m.vcxproj]
     6>D:\projects\misis2023f-23-check\misis2024s-23-02-moskvin-v-a\prj.check\prj.check\doctest_queuearr\doctest_queuearr_moveable.cpp(19,3): error C2039: 'IsEmpty': is not a member of 'QueueArr' [D:\projects\misis2023f-23-check\misis2024s-23-02-moskvin-v-a\build.check\prj.check\prj.check\doctest_queuearr\doctest_queuearr_m.vcxproj]
     6>D:\projects\misis2023f-23-check\misis2024s-23-02-moskvin-v-a\prj.check\prj.check\doctest_queuearr\doctest_queuearr_moveable.cpp(20,11): error C2039: 'IsEmpty': is not a member of 'QueueArr' [D:\projects\misis2023f-23-check\misis2024s-23-02-moskvin-v-a\build.check\prj.check\prj.check\doctest_queuearr\doctest_queuearr_m.vcxproj]
     6>D:\projects\misis2023f-23-check\misis2024s-23-02-moskvin-v-a\prj.check\prj.check\doctest_queuearr\doctest_queuearr_moveable.cpp(20,29): error C2039: 'IsEmpty': is not a member of 'QueueArr' [D:\projects\misis2023f-23-check\misis2024s-23-02-moskvin-v-a\build.check\prj.check\prj.check\doctest_queuearr\doctest_queuearr_m.vcxproj]
     6>D:\projects\misis2023f-23-check\misis2024s-23-02-moskvin-v-a\prj.check\prj.check\doctest_queuearr\doctest_queuearr_moveable.cpp(21,5): error C2102: '&' requires l-value [D:\projects\misis2023f-23-check\misis2024s-23-02-moskvin-v-a\build.check\prj.check\prj.check\doctest_queuearr\doctest_queuearr_m.vcxproj]
     7>D:\projects\misis2023f-23-check\misis2024s-23-02-moskvin-v-a\prj.check\prj.check\doctest_queuelstpr\doctest_queuelstpr_moveable.cpp(17,11): error C2039: 'IsEmpty': is not a member of 'QueueLstPr' [D:\projects\misis2023f-23-check\misis2024s-23-02-moskvin-v-a\build.check\prj.check\prj.check\doctest_queuelstpr\doctest_queuelstpr_m.vcxproj]
     7>D:\projects\misis2023f-23-check\misis2024s-23-02-moskvin-v-a\prj.check\prj.check\doctest_queuelstpr\doctest_queuelstpr_moveable.cpp(17,29): error C2039: 'IsEmpty': is not a member of 'QueueLstPr' [D:\projects\misis2023f-23-check\misis2024s-23-02-moskvin-v-a\build.check\prj.check\prj.check\doctest_queuelstpr\doctest_queuelstpr_m.vcxproj]
     7>D:\projects\misis2023f-23-check\misis2024s-23-02-moskvin-v-a\prj.check\prj.check\doctest_queuelstpr\doctest_queuelstpr_moveable.cpp(18,5): error C2102: '&' requires l-value [D:\projects\misis2023f-23-check\misis2024s-23-02-moskvin-v-a\build.check\prj.check\prj.check\doctest_queuelstpr\doctest_queuelstpr_m.vcxproj]
    12>D:\projects\misis2023f-23-check\misis2024s-23-02-moskvin-v-a\prj.check\prj.check\doctest_complex\doctest_complex.cpp(17,20): error C2039: 're': is not a member of 'Complex' [D:\projects\misis2023f-23-check\misis2024s-23-02-moskvin-v-a\build.check\prj.check\prj.check\doctest_complex\doctest_complex.vcxproj]
    12>D:\projects\misis2023f-23-check\misis2024s-23-02-moskvin-v-a\prj.check\prj.check\doctest_complex\doctest_complex.cpp(17,27): error C2039: 'im': is not a member of 'Complex' [D:\projects\misis2023f-23-check\misis2024s-23-02-moskvin-v-a\build.check\prj.check\prj.check\doctest_complex\doctest_complex.vcxproj]
    12>D:\projects\misis2023f-23-check\misis2024s-23-02-moskvin-v-a\prj.check\prj.check\doctest_complex\doctest_complex.cpp(66,3): error C2675: unary '-': 'Complex' does not define this operator or a conversion to a type acceptable to the predefined operator [D:\projects\misis2023f-23-check\misis2024s-23-02-moskvin-v-a\build.check\prj.check\prj.check\doctest_complex\doctest_complex.vcxproj]
    12>D:\projects\misis2023f-23-check\misis2024s-23-02-moskvin-v-a\prj.check\prj.check\doctest_complex\doctest_complex.cpp(66,3): error C2088: '-': illegal for struct [D:\projects\misis2023f-23-check\misis2024s-23-02-moskvin-v-a\build.check\prj.check\prj.check\doctest_complex\doctest_complex.vcxproj]
    12>D:\projects\misis2023f-23-check\misis2024s-23-02-moskvin-v-a\prj.check\prj.check\doctest_complex\doctest_complex.cpp(70,3): error C2675: unary '-': 'Complex' does not define this operator or a conversion to a type acceptable to the predefined operator [D:\projects\misis2023f-23-check\misis2024s-23-02-moskvin-v-a\build.check\prj.check\prj.check\doctest_complex\doctest_complex.vcxproj]
    12>D:\projects\misis2023f-23-check\misis2024s-23-02-moskvin-v-a\prj.check\prj.check\doctest_complex\doctest_complex.cpp(70,3): error C2088: '-': illegal for struct [D:\projects\misis2023f-23-check\misis2024s-23-02-moskvin-v-a\build.check\prj.check\prj.check\doctest_complex\doctest_complex.vcxproj]
     4>D:\projects\misis2023f-23-check\misis2024s-23-02-moskvin-v-a\prj.check\prj.check\doctest_queuearr\doctest_queuearr.cpp(42,3): error C2039: 'IsEmpty': is not a member of 'QueueArr' [D:\projects\misis2023f-23-check\misis2024s-23-02-moskvin-v-a\build.check\prj.check\prj.check\doctest_queuearr\doctest_queuearr.vcxproj]
     4>D:\projects\misis2023f-23-check\misis2024s-23-02-moskvin-v-a\prj.check\prj.check\doctest_queuearr\doctest_queuearr.cpp(43,11): error C2065: 'Complex': undeclared identifier [D:\projects\misis2023f-23-check\misis2024s-23-02-moskvin-v-a\build.check\prj.check\prj.check\doctest_queuearr\doctest_queuearr.vcxproj]
     4>D:\projects\misis2023f-23-check\misis2024s-23-02-moskvin-v-a\prj.check\prj.check\doctest_queuearr\doctest_queuearr.cpp(44,3): error C2039: 'IsEmpty': is not a member of 'QueueArr' [D:\projects\misis2023f-23-check\misis2024s-23-02-moskvin-v-a\build.check\prj.check\prj.check\doctest_queuearr\doctest_queuearr.vcxproj]
     4>D:\projects\misis2023f-23-check\misis2024s-23-02-moskvin-v-a\prj.check\prj.check\doctest_queuearr\doctest_queuearr.cpp(49,16): error C2065: 'Complex': undeclared identifier [D:\projects\misis2023f-23-check\misis2024s-23-02-moskvin-v-a\build.check\prj.check\prj.check\doctest_queuearr\doctest_queuearr.vcxproj]
     4>D:\projects\misis2023f-23-check\misis2024s-23-02-moskvin-v-a\prj.check\prj.check\doctest_queuearr\doctest_queuearr.cpp(50,3): error C2039: 'IsEmpty': is not a member of 'QueueArr' [D:\projects\misis2023f-23-check\misis2024s-23-02-moskvin-v-a\build.check\prj.check\prj.check\doctest_queuearr\doctest_queuearr.vcxproj]
     4>D:\projects\misis2023f-23-check\misis2024s-23-02-moskvin-v-a\prj.check\prj.check\doctest_queuearr\doctest_queuearr.cpp(51,11): error C2039: 'Clear': is not a member of 'QueueArr' [D:\projects\misis2023f-23-check\misis2024s-23-02-moskvin-v-a\build.check\prj.check\prj.check\doctest_queuearr\doctest_queuearr.vcxproj]
     4>D:\projects\misis2023f-23-check\misis2024s-23-02-moskvin-v-a\prj.check\prj.check\doctest_queuearr\doctest_queuearr.cpp(52,3): error C2039: 'IsEmpty': is not a member of 'QueueArr' [D:\projects\misis2023f-23-check\misis2024s-23-02-moskvin-v-a\build.check\prj.check\prj.check\doctest_queuearr\doctest_queuearr.vcxproj]
     4>D:\projects\misis2023f-23-check\misis2024s-23-02-moskvin-v-a\prj.check\prj.check\doctest_queuearr\doctest_queuearr.cpp(55,11): error C2664: 'void QueueArr::Push(const int &)': cannot convert argument 1 from 'initializer list' to 'const int &' [D:\projects\misis2023f-23-check\misis2024s-23-02-moskvin-v-a\build.check\prj.check\prj.check\doctest_queuearr\doctest_queuearr.vcxproj]
     4>D:\projects\misis2023f-23-check\misis2024s-23-02-moskvin-v-a\prj.check\prj.check\doctest_queuearr\doctest_queuearr.cpp(57,3): error C2039: 'IsEmpty': is not a member of 'QueueArr' [D:\projects\misis2023f-23-check\misis2024s-23-02-moskvin-v-a\build.check\prj.check\prj.check\doctest_queuearr\doctest_queuearr.vcxproj]
     4>D:\projects\misis2023f-23-check\misis2024s-23-02-moskvin-v-a\prj.check\prj.check\doctest_queuearr\doctest_queuearr.cpp(64,3): error C2039: 'IsEmpty': is not a member of 'QueueArr' [D:\projects\misis2023f-23-check\misis2024s-23-02-moskvin-v-a\build.check\prj.check\prj.check\doctest_queuearr\doctest_queuearr.vcxproj]
     4>D:\projects\misis2023f-23-check\misis2024s-23-02-moskvin-v-a\prj.check\prj.check\doctest_queuearr\doctest_queuearr.cpp(67,12): error C2664: 'void QueueArr::Push(const int &)': cannot convert argument 1 from 'initializer list' to 'const int &' [D:\projects\misis2023f-23-check\misis2024s-23-02-moskvin-v-a\build.check\prj.check\prj.check\doctest_queuearr\doctest_queuearr.vcxproj]
     4>D:\projects\misis2023f-23-check\misis2024s-23-02-moskvin-v-a\prj.check\prj.check\doctest_queuearr\doctest_queuearr.cpp(68,12): error C2664: 'void QueueArr::Push(const int &)': cannot convert argument 1 from 'initializer list' to 'const int &' [D:\projects\misis2023f-23-check\misis2024s-23-02-moskvin-v-a\build.check\prj.check\prj.check\doctest_queuearr\doctest_queuearr.vcxproj]
     4>D:\projects\misis2023f-23-check\misis2024s-23-02-moskvin-v-a\prj.check\prj.check\doctest_queuearr\doctest_queuearr.cpp(70,12): error C2664: 'void QueueArr::Push(const int &)': cannot convert argument 1 from 'initializer list' to 'const int &' [D:\projects\misis2023f-23-check\misis2024s-23-02-moskvin-v-a\build.check\prj.check\prj.check\doctest_queuearr\doctest_queuearr.vcxproj]
     4>D:\projects\misis2023f-23-check\misis2024s-23-02-moskvin-v-a\prj.check\prj.check\doctest_queuearr\doctest_queuearr.cpp(72,5): error C2039: 'IsEmpty': is not a member of 'QueueArr' [D:\projects\misis2023f-23-check\misis2024s-23-02-moskvin-v-a\build.check\prj.check\prj.check\doctest_queuearr\doctest_queuearr.vcxproj]
     4>D:\projects\misis2023f-23-check\misis2024s-23-02-moskvin-v-a\prj.check\prj.check\doctest_queuearr\doctest_queuearr.cpp(73,5): error C2102: '&' requires l-value [D:\projects\misis2023f-23-check\misis2024s-23-02-moskvin-v-a\build.check\prj.check\prj.check\doctest_queuearr\doctest_queuearr.vcxproj]
     4>D:\projects\misis2023f-23-check\misis2024s-23-02-moskvin-v-a\prj.check\prj.check\doctest_queuearr\doctest_queuearr.cpp(76,5): error C2102: '&' requires l-value [D:\projects\misis2023f-23-check\misis2024s-23-02-moskvin-v-a\build.check\prj.check\prj.check\doctest_queuearr\doctest_queuearr.vcxproj]
     4>D:\projects\misis2023f-23-check\misis2024s-23-02-moskvin-v-a\prj.check\prj.check\doctest_queuearr\doctest_queuearr.cpp(78,21): error C2039: 'IsEmpty': is not a member of 'QueueArr' [D:\projects\misis2023f-23-check\misis2024s-23-02-moskvin-v-a\build.check\prj.check\prj.check\doctest_queuearr\doctest_queuearr.vcxproj]
     4>D:\projects\misis2023f-23-check\misis2024s-23-02-moskvin-v-a\prj.check\prj.check\doctest_queuearr\doctest_queuearr.cpp(80,20): error C2039: 'IsEmpty': is not a member of 'QueueArr' [D:\projects\misis2023f-23-check\misis2024s-23-02-moskvin-v-a\build.check\prj.check\prj.check\doctest_queuearr\doctest_queuearr.vcxproj]
     4>D:\projects\misis2023f-23-check\misis2024s-23-02-moskvin-v-a\prj.check\prj.check\doctest_queuearr\doctest_queuearr.cpp(84,20): error C2039: 'IsEmpty': is not a member of 'QueueArr' [D:\projects\misis2023f-23-check\misis2024s-23-02-moskvin-v-a\build.check\prj.check\prj.check\doctest_queuearr\doctest_queuearr.vcxproj]
     4>D:\projects\misis2023f-23-check\misis2024s-23-02-moskvin-v-a\prj.check\prj.check\doctest_queuearr\doctest_queuearr.cpp(91,18): error C2065: 'Complex': undeclared identifier [D:\projects\misis2023f-23-check\misis2024s-23-02-moskvin-v-a\build.check\prj.check\prj.check\doctest_queuearr\doctest_queuearr.vcxproj]
     4>D:\projects\misis2023f-23-check\misis2024s-23-02-moskvin-v-a\prj.check\prj.check\doctest_queuearr\doctest_queuearr.cpp(93,3): error C2039: 'IsEmpty': is not a member of 'QueueArr' [D:\projects\misis2023f-23-check\misis2024s-23-02-moskvin-v-a\build.check\prj.check\prj.check\doctest_queuearr\doctest_queuearr.vcxproj]
     4>D:\projects\misis2023f-23-check\misis2024s-23-02-moskvin-v-a\prj.check\prj.check\doctest_queuearr\doctest_queuearr.cpp(95,3): error C2039: 'IsEmpty': is not a member of 'QueueArr' [D:\projects\misis2023f-23-check\misis2024s-23-02-moskvin-v-a\build.check\prj.check\prj.check\doctest_queuearr\doctest_queuearr.vcxproj]
     4>D:\projects\misis2023f-23-check\misis2024s-23-02-moskvin-v-a\prj.check\prj.check\doctest_queuearr\doctest_queuearr.cpp(96,3): error C2102: '&' requires l-value [D:\projects\misis2023f-23-check\misis2024s-23-02-moskvin-v-a\build.check\prj.check\prj.check\doctest_queuearr\doctest_queuearr.vcxproj]
     4>D:\projects\misis2023f-23-check\misis2024s-23-02-moskvin-v-a\prj.check\prj.check\doctest_queuearr\doctest_queuearr.cpp(99,3): error C2102: '&' requires l-value [D:\projects\misis2023f-23-check\misis2024s-23-02-moskvin-v-a\build.check\prj.check\prj.check\doctest_queuearr\doctest_queuearr.vcxproj]
     4>D:\projects\misis2023f-23-check\misis2024s-23-02-moskvin-v-a\prj.check\prj.check\doctest_queuearr\doctest_queuearr.cpp(101,19): error C2039: 'IsEmpty': is not a member of 'QueueArr' [D:\projects\misis2023f-23-check\misis2024s-23-02-moskvin-v-a\build.check\prj.check\prj.check\doctest_queuearr\doctest_queuearr.vcxproj]
     4>D:\projects\misis2023f-23-check\misis2024s-23-02-moskvin-v-a\prj.check\prj.check\doctest_queuearr\doctest_queuearr.cpp(103,18): error C2039: 'IsEmpty': is not a member of 'QueueArr' [D:\projects\misis2023f-23-check\misis2024s-23-02-moskvin-v-a\build.check\prj.check\prj.check\doctest_queuearr\doctest_queuearr.vcxproj]
     4>D:\projects\misis2023f-23-check\misis2024s-23-02-moskvin-v-a\prj.check\prj.check\doctest_queuearr\doctest_queuearr.cpp(107,18): error C2039: 'IsEmpty': is not a member of 'QueueArr' [D:\projects\misis2023f-23-check\misis2024s-23-02-moskvin-v-a\build.check\prj.check\prj.check\doctest_queuearr\doctest_queuearr.vcxproj]
     4>D:\projects\misis2023f-23-check\misis2024s-23-02-moskvin-v-a\prj.check\prj.check\doctest_queuearr\doctest_queuearr.cpp(117,3): error C2039: 'IsEmpty': is not a member of 'QueueArr' [D:\projects\misis2023f-23-check\misis2024s-23-02-moskvin-v-a\build.check\prj.check\prj.check\doctest_queuearr\doctest_queuearr.vcxproj]
     4>D:\projects\misis2023f-23-check\misis2024s-23-02-moskvin-v-a\prj.check\prj.check\doctest_queuearr\doctest_queuearr.cpp(119,18): error C2065: 'Complex': undeclared identifier [D:\projects\misis2023f-23-check\misis2024s-23-02-moskvin-v-a\build.check\prj.check\prj.check\doctest_queuearr\doctest_queuearr.vcxproj]
     4>D:\projects\misis2023f-23-check\misis2024s-23-02-moskvin-v-a\prj.check\prj.check\doctest_queuearr\doctest_queuearr.cpp(121,3): error C2039: 'IsEmpty': is not a member of 'QueueArr' [D:\projects\misis2023f-23-check\misis2024s-23-02-moskvin-v-a\build.check\prj.check\prj.check\doctest_queuearr\doctest_queuearr.vcxproj]
     4>D:\projects\misis2023f-23-check\misis2024s-23-02-moskvin-v-a\prj.check\prj.check\doctest_queuearr\doctest_queuearr.cpp(123,3): error C2039: 'IsEmpty': is not a member of 'QueueArr' [D:\projects\misis2023f-23-check\misis2024s-23-02-moskvin-v-a\build.check\prj.check\prj.check\doctest_queuearr\doctest_queuearr.vcxproj]
     4>D:\projects\misis2023f-23-check\misis2024s-23-02-moskvin-v-a\prj.check\prj.check\doctest_queuearr\doctest_queuearr.cpp(125,18): error C2065: 'Complex': undeclared identifier [D:\projects\misis2023f-23-check\misis2024s-23-02-moskvin-v-a\build.check\prj.check\prj.check\doctest_queuearr\doctest_queuearr.vcxproj]
     4>D:\projects\misis2023f-23-check\misis2024s-23-02-moskvin-v-a\prj.check\prj.check\doctest_queuearr\doctest_queuearr.cpp(130,3): error C2039: 'IsEmpty': is not a member of 'QueueArr' [D:\projects\misis2023f-23-check\misis2024s-23-02-moskvin-v-a\build.check\prj.check\prj.check\doctest_queuearr\doctest_queuearr.vcxproj]
     4>D:\projects\misis2023f-23-check\misis2024s-23-02-moskvin-v-a\prj.check\prj.check\doctest_queuearr\doctest_queuearr.cpp(133,3): error C2039: 'IsEmpty': is not a member of 'QueueArr' [D:\projects\misis2023f-23-check\misis2024s-23-02-moskvin-v-a\build.check\prj.check\prj.check\doctest_queuearr\doctest_queuearr.vcxproj]
     4>D:\projects\misis2023f-23-check\misis2024s-23-02-moskvin-v-a\prj.check\prj.check\doctest_queuearr\doctest_queuearr.cpp(137,18): error C2065: 'Complex': undeclared identifier [D:\projects\misis2023f-23-check\misis2024s-23-02-moskvin-v-a\build.check\prj.check\prj.check\doctest_queuearr\doctest_queuearr.vcxproj]
     4>D:\projects\misis2023f-23-check\misis2024s-23-02-moskvin-v-a\prj.check\prj.check\doctest_queuearr\doctest_queuearr.cpp(141,3): error C2102: '&' requires l-value [D:\projects\misis2023f-23-check\misis2024s-23-02-moskvin-v-a\build.check\prj.check\prj.check\doctest_queuearr\doctest_queuearr.vcxproj]
     4>D:\projects\misis2023f-23-check\misis2024s-23-02-moskvin-v-a\prj.check\prj.check\doctest_queuearr\doctest_queuearr.cpp(142,19): error C2039: 'IsEmpty': is not a member of 'QueueArr' [D:\projects\misis2023f-23-check\misis2024s-23-02-moskvin-v-a\build.check\prj.check\prj.check\doctest_queuearr\doctest_queuearr.vcxproj]
     4>D:\projects\misis2023f-23-check\misis2024s-23-02-moskvin-v-a\prj.check\prj.check\doctest_queuearr\doctest_queuearr.cpp(145,18): error C2039: 'IsEmpty': is not a member of 'QueueArr' [D:\projects\misis2023f-23-check\misis2024s-23-02-moskvin-v-a\build.check\prj.check\prj.check\doctest_queuearr\doctest_queuearr.vcxproj]
     4>D:\projects\misis2023f-23-check\misis2024s-23-02-moskvin-v-a\prj.check\prj.check\doctest_queuearr\doctest_queuearr.cpp(149,18): error C2039: 'IsEmpty': is not a member of 'QueueArr' [D:\projects\misis2023f-23-check\misis2024s-23-02-moskvin-v-a\build.check\prj.check\prj.check\doctest_queuearr\doctest_queuearr.vcxproj]
     4>D:\projects\misis2023f-23-check\misis2024s-23-02-moskvin-v-a\prj.check\prj.check\doctest_queuearr\doctest_queuearr.cpp(159,3): error C2662: 'int QueueArr::Top(void)': cannot convert 'this' pointer from 'const QueueArr' to 'QueueArr &' [D:\projects\misis2023f-23-check\misis2024s-23-02-moskvin-v-a\build.check\prj.check\prj.check\doctest_queuearr\doctest_queuearr.vcxproj]
     4>D:\projects\misis2023f-23-check\misis2024s-23-02-moskvin-v-a\prj.check\prj.check\doctest_queuearr\doctest_queuearr.cpp(162,3): error C2662: 'int QueueArr::Top(void)': cannot convert 'this' pointer from 'const QueueArr' to 'QueueArr &' [D:\projects\misis2023f-23-check\misis2024s-23-02-moskvin-v-a\build.check\prj.check\prj.check\doctest_queuearr\doctest_queuearr.vcxproj]
     4>D:\projects\misis2023f-23-check\misis2024s-23-02-moskvin-v-a\prj.check\prj.check\doctest_queuearr\doctest_queuearr.cpp(166,3): error C2039: 'IsEmpty': is not a member of 'QueueArr' [D:\projects\misis2023f-23-check\misis2024s-23-02-moskvin-v-a\build.check\prj.check\prj.check\doctest_queuearr\doctest_queuearr.vcxproj]
     4>D:\projects\misis2023f-23-check\misis2024s-23-02-moskvin-v-a\prj.check\prj.check\doctest_queuearr\doctest_queuearr.cpp(168,3): error C2039: 'IsEmpty': is not a member of 'QueueArr' [D:\projects\misis2023f-23-check\misis2024s-23-02-moskvin-v-a\build.check\prj.check\prj.check\doctest_queuearr\doctest_queuearr.vcxproj]
     4>D:\projects\misis2023f-23-check\misis2024s-23-02-moskvin-v-a\prj.check\prj.check\doctest_queuearr\doctest_queuearr.cpp(169,3): error C2039: 'IsEmpty': is not a member of 'QueueArr' [D:\projects\misis2023f-23-check\misis2024s-23-02-moskvin-v-a\build.check\prj.check\prj.check\doctest_queuearr\doctest_queuearr.vcxproj]
    27>D:\projects\misis2023f-23-check\misis2024s-23-02-moskvin-v-a\prj.check\prj.check\doctest_t.hpp(67,14): error C2664: 'void StackArr::Push(const int &)': cannot convert argument 1 from 'Complex' to 'const int &' [D:\projects\misis2023f-23-check\misis2024s-23-02-moskvin-v-a\build.check\prj.check\prj.check\doctest_stackarr\doctest_stackarr_m.vcxproj]
    27>D:\projects\misis2023f-23-check\misis2024s-23-02-moskvin-v-a\prj.check\prj.check\doctest_t.hpp(81,14): error C2664: 'void StackArr::Push(const int &)': cannot convert argument 1 from 'Complex' to 'const int &' [D:\projects\misis2023f-23-check\misis2024s-23-02-moskvin-v-a\build.check\prj.check\prj.check\doctest_stackarr\doctest_stackarr_m.vcxproj]
    22>D:\projects\misis2023f-23-check\misis2024s-23-02-moskvin-v-a\prj.check\prj.check\doctest_stackarr\doctest_stackarr.cpp(17,3): error C2039: 'IsEmpty': is not a member of 'StackArr' [D:\projects\misis2023f-23-check\misis2024s-23-02-moskvin-v-a\build.check\prj.check\prj.check\doctest_stackarr\doctest_stackarr.vcxproj]
    22>D:\projects\misis2023f-23-check\misis2024s-23-02-moskvin-v-a\prj.check\prj.check\doctest_stackarr\doctest_stackarr.cpp(18,11): error C2065: 'Complex': undeclared identifier [D:\projects\misis2023f-23-check\misis2024s-23-02-moskvin-v-a\build.check\prj.check\prj.check\doctest_stackarr\doctest_stackarr.vcxproj]
    22>D:\projects\misis2023f-23-check\misis2024s-23-02-moskvin-v-a\prj.check\prj.check\doctest_stackarr\doctest_stackarr.cpp(19,3): error C2039: 'IsEmpty': is not a member of 'StackArr' [D:\projects\misis2023f-23-check\misis2024s-23-02-moskvin-v-a\build.check\prj.check\prj.check\doctest_stackarr\doctest_stackarr.vcxproj]
    22>D:\projects\misis2023f-23-check\misis2024s-23-02-moskvin-v-a\prj.check\prj.check\doctest_stackarr\doctest_stackarr.cpp(24,16): error C2065: 'Complex': undeclared identifier [D:\projects\misis2023f-23-check\misis2024s-23-02-moskvin-v-a\build.check\prj.check\prj.check\doctest_stackarr\doctest_stackarr.vcxproj]
    22>D:\projects\misis2023f-23-check\misis2024s-23-02-moskvin-v-a\prj.check\prj.check\doctest_stackarr\doctest_stackarr.cpp(25,3): error C2039: 'IsEmpty': is not a member of 'StackArr' [D:\projects\misis2023f-23-check\misis2024s-23-02-moskvin-v-a\build.check\prj.check\prj.check\doctest_stackarr\doctest_stackarr.vcxproj]
    22>D:\projects\misis2023f-23-check\misis2024s-23-02-moskvin-v-a\prj.check\prj.check\doctest_stackarr\doctest_stackarr.cpp(26,11): error C2039: 'Clear': is not a member of 'StackArr' [D:\projects\misis2023f-23-check\misis2024s-23-02-moskvin-v-a\build.check\prj.check\prj.check\doctest_stackarr\doctest_stackarr.vcxproj]
    22>D:\projects\misis2023f-23-check\misis2024s-23-02-moskvin-v-a\prj.check\prj.check\doctest_stackarr\doctest_stackarr.cpp(27,3): error C2039: 'IsEmpty': is not a member of 'StackArr' [D:\projects\misis2023f-23-check\misis2024s-23-02-moskvin-v-a\build.check\prj.check\prj.check\doctest_stackarr\doctest_stackarr.vcxproj]
    22>D:\projects\misis2023f-23-check\misis2024s-23-02-moskvin-v-a\prj.check\prj.check\doctest_stackarr\doctest_stackarr.cpp(32,3): error C2039: 'IsEmpty': is not a member of 'StackArr' [D:\projects\misis2023f-23-check\misis2024s-23-02-moskvin-v-a\build.check\prj.check\prj.check\doctest_stackarr\doctest_stackarr.vcxproj]
    22>D:\projects\misis2023f-23-check\misis2024s-23-02-moskvin-v-a\prj.check\prj.check\doctest_stackarr\doctest_stackarr.cpp(39,3): error C2039: 'IsEmpty': is not a member of 'StackArr' [D:\projects\misis2023f-23-check\misis2024s-23-02-moskvin-v-a\build.check\prj.check\prj.check\doctest_stackarr\doctest_stackarr.vcxproj]
    22>D:\projects\misis2023f-23-check\misis2024s-23-02-moskvin-v-a\prj.check\prj.check\doctest_stackarr\doctest_stackarr.cpp(42,18): error C2065: 'Complex': undeclared identifier [D:\projects\misis2023f-23-check\misis2024s-23-02-moskvin-v-a\build.check\prj.check\prj.check\doctest_stackarr\doctest_stackarr.vcxproj]
    22>D:\projects\misis2023f-23-check\misis2024s-23-02-moskvin-v-a\prj.check\prj.check\doctest_stackarr\doctest_stackarr.cpp(46,19): error C2039: 'IsEmpty': is not a member of 'StackArr' [D:\projects\misis2023f-23-check\misis2024s-23-02-moskvin-v-a\build.check\prj.check\prj.check\doctest_stackarr\doctest_stackarr.vcxproj]
    22>D:\projects\misis2023f-23-check\misis2024s-23-02-moskvin-v-a\prj.check\prj.check\doctest_stackarr\doctest_stackarr.cpp(49,18): error C2039: 'IsEmpty': is not a member of 'StackArr' [D:\projects\misis2023f-23-check\misis2024s-23-02-moskvin-v-a\build.check\prj.check\prj.check\doctest_stackarr\doctest_stackarr.vcxproj]
    22>D:\projects\misis2023f-23-check\misis2024s-23-02-moskvin-v-a\prj.check\prj.check\doctest_stackarr\doctest_stackarr.cpp(53,18): error C2039: 'IsEmpty': is not a member of 'StackArr' [D:\projects\misis2023f-23-check\misis2024s-23-02-moskvin-v-a\build.check\prj.check\prj.check\doctest_stackarr\doctest_stackarr.vcxproj]
    22>D:\projects\misis2023f-23-check\misis2024s-23-02-moskvin-v-a\prj.check\prj.check\doctest_stackarr\doctest_stackarr.cpp(63,3): error C2039: 'IsEmpty': is not a member of 'StackArr' [D:\projects\misis2023f-23-check\misis2024s-23-02-moskvin-v-a\build.check\prj.check\prj.check\doctest_stackarr\doctest_stackarr.vcxproj]
    22>D:\projects\misis2023f-23-check\misis2024s-23-02-moskvin-v-a\prj.check\prj.check\doctest_stackarr\doctest_stackarr.cpp(66,18): error C2065: 'Complex': undeclared identifier [D:\projects\misis2023f-23-check\misis2024s-23-02-moskvin-v-a\build.check\prj.check\prj.check\doctest_stackarr\doctest_stackarr.vcxproj]
    22>D:\projects\misis2023f-23-check\misis2024s-23-02-moskvin-v-a\prj.check\prj.check\doctest_stackarr\doctest_stackarr.cpp(69,3): error C2039: 'IsEmpty': is not a member of 'StackArr' [D:\projects\misis2023f-23-check\misis2024s-23-02-moskvin-v-a\build.check\prj.check\prj.check\doctest_stackarr\doctest_stackarr.vcxproj]
    22>D:\projects\misis2023f-23-check\misis2024s-23-02-moskvin-v-a\prj.check\prj.check\doctest_stackarr\doctest_stackarr.cpp(72,18): error C2065: 'Complex': undeclared identifier [D:\projects\misis2023f-23-check\misis2024s-23-02-moskvin-v-a\build.check\prj.check\prj.check\doctest_stackarr\doctest_stackarr.vcxproj]
    22>D:\projects\misis2023f-23-check\misis2024s-23-02-moskvin-v-a\prj.check\prj.check\doctest_stackarr\doctest_stackarr.cpp(77,19): error C2039: 'IsEmpty': is not a member of 'StackArr' [D:\projects\misis2023f-23-check\misis2024s-23-02-moskvin-v-a\build.check\prj.check\prj.check\doctest_stackarr\doctest_stackarr.vcxproj]
    22>D:\projects\misis2023f-23-check\misis2024s-23-02-moskvin-v-a\prj.check\prj.check\doctest_stackarr\doctest_stackarr.cpp(80,18): error C2039: 'IsEmpty': is not a member of 'StackArr' [D:\projects\misis2023f-23-check\misis2024s-23-02-moskvin-v-a\build.check\prj.check\prj.check\doctest_stackarr\doctest_stackarr.vcxproj]
    22>D:\projects\misis2023f-23-check\misis2024s-23-02-moskvin-v-a\prj.check\prj.check\doctest_stackarr\doctest_stackarr.cpp(84,18): error C2039: 'IsEmpty': is not a member of 'StackArr' [D:\projects\misis2023f-23-check\misis2024s-23-02-moskvin-v-a\build.check\prj.check\prj.check\doctest_stackarr\doctest_stackarr.vcxproj]
    22>D:\projects\misis2023f-23-check\misis2024s-23-02-moskvin-v-a\prj.check\prj.check\doctest_stackarr\doctest_stackarr.cpp(94,3): error C2662: 'const int &StackArr::Top(void)': cannot convert 'this' pointer from 'const StackArr' to 'StackArr &' [D:\projects\misis2023f-23-check\misis2024s-23-02-moskvin-v-a\build.check\prj.check\prj.check\doctest_stackarr\doctest_stackarr.vcxproj]
    22>D:\projects\misis2023f-23-check\misis2024s-23-02-moskvin-v-a\prj.check\prj.check\doctest_stackarr\doctest_stackarr.cpp(97,3): error C2662: 'const int &StackArr::Top(void)': cannot convert 'this' pointer from 'const StackArr' to 'StackArr &' [D:\projects\misis2023f-23-check\misis2024s-23-02-moskvin-v-a\build.check\prj.check\prj.check\doctest_stackarr\doctest_stackarr.vcxproj]
    22>D:\projects\misis2023f-23-check\misis2024s-23-02-moskvin-v-a\prj.check\prj.check\doctest_stackarr\doctest_stackarr.cpp(101,3): error C2039: 'IsEmpty': is not a member of 'StackArr' [D:\projects\misis2023f-23-check\misis2024s-23-02-moskvin-v-a\build.check\prj.check\prj.check\doctest_stackarr\doctest_stackarr.vcxproj]
    22>D:\projects\misis2023f-23-check\misis2024s-23-02-moskvin-v-a\prj.check\prj.check\doctest_stackarr\doctest_stackarr.cpp(103,3): error C2039: 'IsEmpty': is not a member of 'StackArr' [D:\projects\misis2023f-23-check\misis2024s-23-02-moskvin-v-a\build.check\prj.check\prj.check\doctest_stackarr\doctest_stackarr.vcxproj]
    22>D:\projects\misis2023f-23-check\misis2024s-23-02-moskvin-v-a\prj.check\prj.check\doctest_stackarr\doctest_stackarr.cpp(104,3): error C2039: 'IsEmpty': is not a member of 'StackArr' [D:\projects\misis2023f-23-check\misis2024s-23-02-moskvin-v-a\build.check\prj.check\prj.check\doctest_stackarr\doctest_stackarr.vcxproj]
    27>D:\projects\misis2023f-23-check\misis2024s-23-02-moskvin-v-a\prj.check\prj.check\doctest_t.hpp(21,14): error C2664: 'void StackArr::Push(const int &)': cannot convert argument 1 from 'Complex' to 'const int &' [D:\projects\misis2023f-23-check\misis2024s-23-02-moskvin-v-a\build.check\prj.check\prj.check\doctest_stackarr\doctest_stackarr_m.vcxproj]
    18>D:\projects\misis2023f-23-check\misis2024s-23-02-moskvin-v-a\prj.check\prj.check\doctest_rational\doctest_rational.cpp(29,3): error C2675: unary '-': 'Rational' does not define this operator or a conversion to a type acceptable to the predefined operator [D:\projects\misis2023f-23-check\misis2024s-23-02-moskvin-v-a\build.check\prj.check\prj.check\doctest_rational\doctest_rational.vcxproj]
    18>D:\projects\misis2023f-23-check\misis2024s-23-02-moskvin-v-a\prj.check\prj.check\doctest_rational\doctest_rational.cpp(29,3): error C2088: '-': illegal for class [D:\projects\misis2023f-23-check\misis2024s-23-02-moskvin-v-a\build.check\prj.check\prj.check\doctest_rational\doctest_rational.vcxproj]
    18>D:\projects\misis2023f-23-check\misis2024s-23-02-moskvin-v-a\prj.check\prj.check\doctest_rational\doctest_rational.cpp(29,3): error C2672: 'doctest::detail::ResultBuilder::binary_assert': no matching overloaded function found [D:\projects\misis2023f-23-check\misis2024s-23-02-moskvin-v-a\build.check\prj.check\prj.check\doctest_rational\doctest_rational.vcxproj]
    18>D:\projects\misis2023f-23-check\misis2024s-23-02-moskvin-v-a\prj.check\prj.check\doctest_rational\doctest_rational.cpp(30,3): error C2675: unary '-': 'Rational' does not define this operator or a conversion to a type acceptable to the predefined operator [D:\projects\misis2023f-23-check\misis2024s-23-02-moskvin-v-a\build.check\prj.check\prj.check\doctest_rational\doctest_rational.vcxproj]
    18>D:\projects\misis2023f-23-check\misis2024s-23-02-moskvin-v-a\prj.check\prj.check\doctest_rational\doctest_rational.cpp(30,3): error C2088: '-': illegal for class [D:\projects\misis2023f-23-check\misis2024s-23-02-moskvin-v-a\build.check\prj.check\prj.check\doctest_rational\doctest_rational.vcxproj]
    18>D:\projects\misis2023f-23-check\misis2024s-23-02-moskvin-v-a\prj.check\prj.check\doctest_rational\doctest_rational.cpp(30,3): error C2672: 'doctest::detail::ResultBuilder::binary_assert': no matching overloaded function found [D:\projects\misis2023f-23-check\misis2024s-23-02-moskvin-v-a\build.check\prj.check\prj.check\doctest_rational\doctest_rational.vcxproj]
    18>D:\projects\misis2023f-23-check\misis2024s-23-02-moskvin-v-a\prj.check\prj.check\doctest_rational\doctest_rational.cpp(31,3): error C2675: unary '-': 'Rational' does not define this operator or a conversion to a type acceptable to the predefined operator [D:\projects\misis2023f-23-check\misis2024s-23-02-moskvin-v-a\build.check\prj.check\prj.check\doctest_rational\doctest_rational.vcxproj]
    18>D:\projects\misis2023f-23-check\misis2024s-23-02-moskvin-v-a\prj.check\prj.check\doctest_rational\doctest_rational.cpp(31,3): error C2088: '-': illegal for class [D:\projects\misis2023f-23-check\misis2024s-23-02-moskvin-v-a\build.check\prj.check\prj.check\doctest_rational\doctest_rational.vcxproj]
    18>D:\projects\misis2023f-23-check\misis2024s-23-02-moskvin-v-a\prj.check\prj.check\doctest_rational\doctest_rational.cpp(31,3): error C2672: 'doctest::detail::ResultBuilder::binary_assert': no matching overloaded function found [D:\projects\misis2023f-23-check\misis2024s-23-02-moskvin-v-a\build.check\prj.check\prj.check\doctest_rational\doctest_rational.vcxproj]
    18>D:\projects\misis2023f-23-check\misis2024s-23-02-moskvin-v-a\prj.check\prj.check\doctest_rational\doctest_rational.cpp(49,3): error C2676: binary '-=': 'Rational' does not define this operator or a conversion to a type acceptable to the predefined operator [D:\projects\misis2023f-23-check\misis2024s-23-02-moskvin-v-a\build.check\prj.check\prj.check\doctest_rational\doctest_rational.vcxproj]
    18>D:\projects\misis2023f-23-check\misis2024s-23-02-moskvin-v-a\prj.check\prj.check\doctest_rational\doctest_rational.cpp(50,3): error C2676: binary '-=': 'Rational' does not define this operator or a conversion to a type acceptable to the predefined operator [D:\projects\misis2023f-23-check\misis2024s-23-02-moskvin-v-a\build.check\prj.check\prj.check\doctest_rational\doctest_rational.vcxproj]
    18>D:\projects\misis2023f-23-check\misis2024s-23-02-moskvin-v-a\prj.check\prj.check\doctest_rational\doctest_rational.cpp(51,3): error C2676: binary '-=': 'Rational' does not define this operator or a conversion to a type acceptable to the predefined operator [D:\projects\misis2023f-23-check\misis2024s-23-02-moskvin-v-a\build.check\prj.check\prj.check\doctest_rational\doctest_rational.vcxproj]
    18>D:\projects\misis2023f-23-check\misis2024s-23-02-moskvin-v-a\prj.check\prj.check\doctest_rational\doctest_rational.cpp(52,3): error C2676: binary '-=': 'Rational' does not define this operator or a conversion to a type acceptable to the predefined operator [D:\projects\misis2023f-23-check\misis2024s-23-02-moskvin-v-a\build.check\prj.check\prj.check\doctest_rational\doctest_rational.vcxproj]
    18>D:\projects\misis2023f-23-check\misis2024s-23-02-moskvin-v-a\prj.check\prj.check\doctest_rational\doctest_rational.cpp(63,3): error C2676: binary '*=': 'Rational' does not define this operator or a conversion to a type acceptable to the predefined operator [D:\projects\misis2023f-23-check\misis2024s-23-02-moskvin-v-a\build.check\prj.check\prj.check\doctest_rational\doctest_rational.vcxproj]
    18>D:\projects\misis2023f-23-check\misis2024s-23-02-moskvin-v-a\prj.check\prj.check\doctest_rational\doctest_rational.cpp(64,3): error C2676: binary '*=': 'Rational' does not define this operator or a conversion to a type acceptable to the predefined operator [D:\projects\misis2023f-23-check\misis2024s-23-02-moskvin-v-a\build.check\prj.check\prj.check\doctest_rational\doctest_rational.vcxproj]
    18>D:\projects\misis2023f-23-check\misis2024s-23-02-moskvin-v-a\prj.check\prj.check\doctest_rational\doctest_rational.cpp(65,3): error C2676: binary '*=': 'Rational' does not define this operator or a conversion to a type acceptable to the predefined operator [D:\projects\misis2023f-23-check\misis2024s-23-02-moskvin-v-a\build.check\prj.check\prj.check\doctest_rational\doctest_rational.vcxproj]
    18>D:\projects\misis2023f-23-check\misis2024s-23-02-moskvin-v-a\prj.check\prj.check\doctest_rational\doctest_rational.cpp(66,3): error C2676: binary '*=': 'Rational' does not define this operator or a conversion to a type acceptable to the predefined operator [D:\projects\misis2023f-23-check\misis2024s-23-02-moskvin-v-a\build.check\prj.check\prj.check\doctest_rational\doctest_rational.vcxproj]
    18>D:\projects\misis2023f-23-check\misis2024s-23-02-moskvin-v-a\prj.check\prj.check\doctest_rational\doctest_rational.cpp(77,3): error C2676: binary '/=': 'Rational' does not define this operator or a conversion to a type acceptable to the predefined operator [D:\projects\misis2023f-23-check\misis2024s-23-02-moskvin-v-a\build.check\prj.check\prj.check\doctest_rational\doctest_rational.vcxproj]
    18>D:\projects\misis2023f-23-check\misis2024s-23-02-moskvin-v-a\prj.check\prj.check\doctest_rational\doctest_rational.cpp(78,3): error C2676: binary '/=': 'Rational' does not define this operator or a conversion to a type acceptable to the predefined operator [D:\projects\misis2023f-23-check\misis2024s-23-02-moskvin-v-a\build.check\prj.check\prj.check\doctest_rational\doctest_rational.vcxproj]
    18>D:\projects\misis2023f-23-check\misis2024s-23-02-moskvin-v-a\prj.check\prj.check\doctest_rational\doctest_rational.cpp(79,3): error C2676: binary '/=': 'Rational' does not define this operator or a conversion to a type acceptable to the predefined operator [D:\projects\misis2023f-23-check\misis2024s-23-02-moskvin-v-a\build.check\prj.check\prj.check\doctest_rational\doctest_rational.vcxproj]
    18>D:\projects\misis2023f-23-check\misis2024s-23-02-moskvin-v-a\prj.check\prj.check\doctest_rational\doctest_rational.cpp(80,3): error C2676: binary '/=': 'Rational' does not define this operator or a conversion to a type acceptable to the predefined operator [D:\projects\misis2023f-23-check\misis2024s-23-02-moskvin-v-a\build.check\prj.check\prj.check\doctest_rational\doctest_rational.vcxproj]
    18>D:\projects\misis2023f-23-check\misis2024s-23-02-moskvin-v-a\prj.check\prj.check\doctest_rational\doctest_rational.cpp(81,3): error C2676: binary '/=': 'Rational' does not define this operator or a conversion to a type acceptable to the predefined operator [D:\projects\misis2023f-23-check\misis2024s-23-02-moskvin-v-a\build.check\prj.check\prj.check\doctest_rational\doctest_rational.vcxproj]
    18>D:\projects\misis2023f-23-check\misis2024s-23-02-moskvin-v-a\prj.check\prj.check\doctest_rational\doctest_rational.cpp(82,3): error C2676: binary '/=': 'Rational' does not define this operator or a conversion to a type acceptable to the predefined operator [D:\projects\misis2023f-23-check\misis2024s-23-02-moskvin-v-a\build.check\prj.check\prj.check\doctest_rational\doctest_rational.vcxproj]
    27>D:\projects\misis2023f-23-check\misis2024s-23-02-moskvin-v-a\prj.check\prj.check\doctest_t.hpp(34,14): error C2664: 'void StackArr::Push(const int &)': cannot convert argument 1 from 'Complex' to 'const int &' [D:\projects\misis2023f-23-check\misis2024s-23-02-moskvin-v-a\build.check\prj.check\prj.check\doctest_stackarr\doctest_stackarr_m.vcxproj]
    23>D:\projects\misis2023f-23-check\misis2024s-23-02-moskvin-v-a\prj.check\prj.check\doctest_stacklst\doctest_stacklst.cpp(16,3): error C2039: 'IsEmpty': is not a member of 'StackLst' [D:\projects\misis2023f-23-check\misis2024s-23-02-moskvin-v-a\build.check\prj.check\prj.check\doctest_stacklst\doctest_stacklst.vcxproj]
    23>D:\projects\misis2023f-23-check\misis2024s-23-02-moskvin-v-a\prj.check\prj.check\doctest_stacklst\doctest_stacklst.cpp(17,11): error C2065: 'Complex': undeclared identifier [D:\projects\misis2023f-23-check\misis2024s-23-02-moskvin-v-a\build.check\prj.check\prj.check\doctest_stacklst\doctest_stacklst.vcxproj]
    23>D:\projects\misis2023f-23-check\misis2024s-23-02-moskvin-v-a\prj.check\prj.check\doctest_stacklst\doctest_stacklst.cpp(18,3): error C2039: 'IsEmpty': is not a member of 'StackLst' [D:\projects\misis2023f-23-check\misis2024s-23-02-moskvin-v-a\build.check\prj.check\prj.check\doctest_stacklst\doctest_stacklst.vcxproj]
    23>D:\projects\misis2023f-23-check\misis2024s-23-02-moskvin-v-a\prj.check\prj.check\doctest_stacklst\doctest_stacklst.cpp(23,16): error C2065: 'Complex': undeclared identifier [D:\projects\misis2023f-23-check\misis2024s-23-02-moskvin-v-a\build.check\prj.check\prj.check\doctest_stacklst\doctest_stacklst.vcxproj]
    23>D:\projects\misis2023f-23-check\misis2024s-23-02-moskvin-v-a\prj.check\prj.check\doctest_stacklst\doctest_stacklst.cpp(24,3): error C2039: 'IsEmpty': is not a member of 'StackLst' [D:\projects\misis2023f-23-check\misis2024s-23-02-moskvin-v-a\build.check\prj.check\prj.check\doctest_stacklst\doctest_stacklst.vcxproj]
    23>D:\projects\misis2023f-23-check\misis2024s-23-02-moskvin-v-a\prj.check\prj.check\doctest_stacklst\doctest_stacklst.cpp(25,11): error C2039: 'Clear': is not a member of 'StackLst' [D:\projects\misis2023f-23-check\misis2024s-23-02-moskvin-v-a\build.check\prj.check\prj.check\doctest_stacklst\doctest_stacklst.vcxproj]
    23>D:\projects\misis2023f-23-check\misis2024s-23-02-moskvin-v-a\prj.check\prj.check\doctest_stacklst\doctest_stacklst.cpp(26,3): error C2039: 'IsEmpty': is not a member of 'StackLst' [D:\projects\misis2023f-23-check\misis2024s-23-02-moskvin-v-a\build.check\prj.check\prj.check\doctest_stacklst\doctest_stacklst.vcxproj]
    23>D:\projects\misis2023f-23-check\misis2024s-23-02-moskvin-v-a\prj.check\prj.check\doctest_stacklst\doctest_stacklst.cpp(31,3): error C2039: 'IsEmpty': is not a member of 'StackLst' [D:\projects\misis2023f-23-check\misis2024s-23-02-moskvin-v-a\build.check\prj.check\prj.check\doctest_stacklst\doctest_stacklst.vcxproj]
    23>D:\projects\misis2023f-23-check\misis2024s-23-02-moskvin-v-a\prj.check\prj.check\doctest_stacklst\doctest_stacklst.cpp(38,3): error C2039: 'IsEmpty': is not a member of 'StackLst' [D:\projects\misis2023f-23-check\misis2024s-23-02-moskvin-v-a\build.check\prj.check\prj.check\doctest_stacklst\doctest_stacklst.vcxproj]
    23>D:\projects\misis2023f-23-check\misis2024s-23-02-moskvin-v-a\prj.check\prj.check\doctest_stacklst\doctest_stacklst.cpp(41,18): error C2065: 'Complex': undeclared identifier [D:\projects\misis2023f-23-check\misis2024s-23-02-moskvin-v-a\build.check\prj.check\prj.check\doctest_stacklst\doctest_stacklst.vcxproj]
    23>D:\projects\misis2023f-23-check\misis2024s-23-02-moskvin-v-a\prj.check\prj.check\doctest_stacklst\doctest_stacklst.cpp(44,3): error C2102: '&' requires l-value [D:\projects\misis2023f-23-check\misis2024s-23-02-moskvin-v-a\build.check\prj.check\prj.check\doctest_stacklst\doctest_stacklst.vcxproj]
    23>D:\projects\misis2023f-23-check\misis2024s-23-02-moskvin-v-a\prj.check\prj.check\doctest_stacklst\doctest_stacklst.cpp(45,19): error C2039: 'IsEmpty': is not a member of 'StackLst' [D:\projects\misis2023f-23-check\misis2024s-23-02-moskvin-v-a\build.check\prj.check\prj.check\doctest_stacklst\doctest_stacklst.vcxproj]
    23>D:\projects\misis2023f-23-check\misis2024s-23-02-moskvin-v-a\prj.check\prj.check\doctest_stacklst\doctest_stacklst.cpp(48,18): error C2039: 'IsEmpty': is not a member of 'StackLst' [D:\projects\misis2023f-23-check\misis2024s-23-02-moskvin-v-a\build.check\prj.check\prj.check\doctest_stacklst\doctest_stacklst.vcxproj]
    23>D:\projects\misis2023f-23-check\misis2024s-23-02-moskvin-v-a\prj.check\prj.check\doctest_stacklst\doctest_stacklst.cpp(52,18): error C2039: 'IsEmpty': is not a member of 'StackLst' [D:\projects\misis2023f-23-check\misis2024s-23-02-moskvin-v-a\build.check\prj.check\prj.check\doctest_stacklst\doctest_stacklst.vcxproj]
    23>D:\projects\misis2023f-23-check\misis2024s-23-02-moskvin-v-a\prj.check\prj.check\doctest_stacklst\doctest_stacklst.cpp(62,3): error C2039: 'IsEmpty': is not a member of 'StackLst' [D:\projects\misis2023f-23-check\misis2024s-23-02-moskvin-v-a\build.check\prj.check\prj.check\doctest_stacklst\doctest_stacklst.vcxproj]
    23>D:\projects\misis2023f-23-check\misis2024s-23-02-moskvin-v-a\prj.check\prj.check\doctest_stacklst\doctest_stacklst.cpp(64,18): error C2065: 'Complex': undeclared identifier [D:\projects\misis2023f-23-check\misis2024s-23-02-moskvin-v-a\build.check\prj.check\prj.check\doctest_stacklst\doctest_stacklst.vcxproj]
    23>D:\projects\misis2023f-23-check\misis2024s-23-02-moskvin-v-a\prj.check\prj.check\doctest_stacklst\doctest_stacklst.cpp(66,3): error C2039: 'IsEmpty': is not a member of 'StackLst' [D:\projects\misis2023f-23-check\misis2024s-23-02-moskvin-v-a\build.check\prj.check\prj.check\doctest_stacklst\doctest_stacklst.vcxproj]
    23>D:\projects\misis2023f-23-check\misis2024s-23-02-moskvin-v-a\prj.check\prj.check\doctest_stacklst\doctest_stacklst.cpp(68,3): error C2039: 'IsEmpty': is not a member of 'StackLst' [D:\projects\misis2023f-23-check\misis2024s-23-02-moskvin-v-a\build.check\prj.check\prj.check\doctest_stacklst\doctest_stacklst.vcxproj]
    23>D:\projects\misis2023f-23-check\misis2024s-23-02-moskvin-v-a\prj.check\prj.check\doctest_stacklst\doctest_stacklst.cpp(70,18): error C2065: 'Complex': undeclared identifier [D:\projects\misis2023f-23-check\misis2024s-23-02-moskvin-v-a\build.check\prj.check\prj.check\doctest_stacklst\doctest_stacklst.vcxproj]
    23>D:\projects\misis2023f-23-check\misis2024s-23-02-moskvin-v-a\prj.check\prj.check\doctest_stacklst\doctest_stacklst.cpp(75,3): error C2039: 'IsEmpty': is not a member of 'StackLst' [D:\projects\misis2023f-23-check\misis2024s-23-02-moskvin-v-a\build.check\prj.check\prj.check\doctest_stacklst\doctest_stacklst.vcxproj]
    23>D:\projects\misis2023f-23-check\misis2024s-23-02-moskvin-v-a\prj.check\prj.check\doctest_stacklst\doctest_stacklst.cpp(78,3): error C2039: 'IsEmpty': is not a member of 'StackLst' [D:\projects\misis2023f-23-check\misis2024s-23-02-moskvin-v-a\build.check\prj.check\prj.check\doctest_stacklst\doctest_stacklst.vcxproj]
    23>D:\projects\misis2023f-23-check\misis2024s-23-02-moskvin-v-a\prj.check\prj.check\doctest_stacklst\doctest_stacklst.cpp(82,18): error C2065: 'Complex': undeclared identifier [D:\projects\misis2023f-23-check\misis2024s-23-02-moskvin-v-a\build.check\prj.check\prj.check\doctest_stacklst\doctest_stacklst.vcxproj]
    23>D:\projects\misis2023f-23-check\misis2024s-23-02-moskvin-v-a\prj.check\prj.check\doctest_stacklst\doctest_stacklst.cpp(86,3): error C2102: '&' requires l-value [D:\projects\misis2023f-23-check\misis2024s-23-02-moskvin-v-a\build.check\prj.check\prj.check\doctest_stacklst\doctest_stacklst.vcxproj]
    23>D:\projects\misis2023f-23-check\misis2024s-23-02-moskvin-v-a\prj.check\prj.check\doctest_stacklst\doctest_stacklst.cpp(87,19): error C2039: 'IsEmpty': is not a member of 'StackLst' [D:\projects\misis2023f-23-check\misis2024s-23-02-moskvin-v-a\build.check\prj.check\prj.check\doctest_stacklst\doctest_stacklst.vcxproj]
    23>D:\projects\misis2023f-23-check\misis2024s-23-02-moskvin-v-a\prj.check\prj.check\doctest_stacklst\doctest_stacklst.cpp(90,18): error C2039: 'IsEmpty': is not a member of 'StackLst' [D:\projects\misis2023f-23-check\misis2024s-23-02-moskvin-v-a\build.check\prj.check\prj.check\doctest_stacklst\doctest_stacklst.vcxproj]
    23>D:\projects\misis2023f-23-check\misis2024s-23-02-moskvin-v-a\prj.check\prj.check\doctest_stacklst\doctest_stacklst.cpp(94,18): error C2039: 'IsEmpty': is not a member of 'StackLst' [D:\projects\misis2023f-23-check\misis2024s-23-02-moskvin-v-a\build.check\prj.check\prj.check\doctest_stacklst\doctest_stacklst.vcxproj]
    23>D:\projects\misis2023f-23-check\misis2024s-23-02-moskvin-v-a\prj.check\prj.check\doctest_stacklst\doctest_stacklst.cpp(104,3): error C2662: 'int StackLst::Top(void)': cannot convert 'this' pointer from 'const StackLst' to 'StackLst &' [D:\projects\misis2023f-23-check\misis2024s-23-02-moskvin-v-a\build.check\prj.check\prj.check\doctest_stacklst\doctest_stacklst.vcxproj]
    23>D:\projects\misis2023f-23-check\misis2024s-23-02-moskvin-v-a\prj.check\prj.check\doctest_stacklst\doctest_stacklst.cpp(107,3): error C2662: 'int StackLst::Top(void)': cannot convert 'this' pointer from 'const StackLst' to 'StackLst &' [D:\projects\misis2023f-23-check\misis2024s-23-02-moskvin-v-a\build.check\prj.check\prj.check\doctest_stacklst\doctest_stacklst.vcxproj]
    23>D:\projects\misis2023f-23-check\misis2024s-23-02-moskvin-v-a\prj.check\prj.check\doctest_stacklst\doctest_stacklst.cpp(111,3): error C2039: 'IsEmpty': is not a member of 'StackLst' [D:\projects\misis2023f-23-check\misis2024s-23-02-moskvin-v-a\build.check\prj.check\prj.check\doctest_stacklst\doctest_stacklst.vcxproj]
    23>D:\projects\misis2023f-23-check\misis2024s-23-02-moskvin-v-a\prj.check\prj.check\doctest_stacklst\doctest_stacklst.cpp(113,3): error C2039: 'IsEmpty': is not a member of 'StackLst' [D:\projects\misis2023f-23-check\misis2024s-23-02-moskvin-v-a\build.check\prj.check\prj.check\doctest_stacklst\doctest_stacklst.vcxproj]
    23>D:\projects\misis2023f-23-check\misis2024s-23-02-moskvin-v-a\prj.check\prj.check\doctest_stacklst\doctest_stacklst.cpp(114,3): error C2039: 'IsEmpty': is not a member of 'StackLst' [D:\projects\misis2023f-23-check\misis2024s-23-02-moskvin-v-a\build.check\prj.check\prj.check\doctest_stacklst\doctest_stacklst.vcxproj]
    28>D:\projects\misis2023f-23-check\misis2024s-23-02-moskvin-v-a\prj.check\prj.check\doctest_stacklst\doctest_stacklst_moveable.cpp(17,6): error C2664: 'void StackLst::Push(const int &)': cannot convert argument 1 from 'Complex' to 'const int &' [D:\projects\misis2023f-23-check\misis2024s-23-02-moskvin-v-a\build.check\prj.check\prj.check\doctest_stacklst\doctest_stacklst_m.vcxproj]
    28>D:\projects\misis2023f-23-check\misis2024s-23-02-moskvin-v-a\prj.check\prj.check\doctest_stacklst\doctest_stacklst_moveable.cpp(19,6): error C2664: 'void StackLst::Push(const int &)': cannot convert argument 1 from 'Complex' to 'const int &' [D:\projects\misis2023f-23-check\misis2024s-23-02-moskvin-v-a\build.check\prj.check\prj.check\doctest_stacklst\doctest_stacklst_m.vcxproj]
    28>D:\projects\misis2023f-23-check\misis2024s-23-02-moskvin-v-a\prj.check\prj.check\doctest_stacklst\doctest_stacklst_moveable.cpp(20,3): error C2102: '&' requires l-value [D:\projects\misis2023f-23-check\misis2024s-23-02-moskvin-v-a\build.check\prj.check\prj.check\doctest_stacklst\doctest_stacklst_m.vcxproj]
    28>D:\projects\misis2023f-23-check\misis2024s-23-02-moskvin-v-a\prj.check\prj.check\doctest_stacklst\doctest_stacklst_moveable.cpp(22,6): error C2664: 'void StackLst::Push(const int &)': cannot convert argument 1 from 'Complex' to 'const int &' [D:\projects\misis2023f-23-check\misis2024s-23-02-moskvin-v-a\build.check\prj.check\prj.check\doctest_stacklst\doctest_stacklst_m.vcxproj]
    28>D:\projects\misis2023f-23-check\misis2024s-23-02-moskvin-v-a\prj.check\prj.check\doctest_stacklst\doctest_stacklst_moveable.cpp(23,3): error C2102: '&' requires l-value [D:\projects\misis2023f-23-check\misis2024s-23-02-moskvin-v-a\build.check\prj.check\prj.check\doctest_stacklst\doctest_stacklst_m.vcxproj]
